{"numTotalTestSuites":6,"numPassedTestSuites":4,"numFailedTestSuites":2,"numPendingTestSuites":0,"numTotalTests":40,"numPassedTests":33,"numFailedTests":7,"numPendingTests":0,"numTodoTests":0,"snapshot":{"added":0,"failure":false,"filesAdded":0,"filesRemoved":0,"filesRemovedList":[],"filesUnmatched":0,"filesUpdated":0,"matched":0,"total":0,"unchecked":0,"uncheckedKeysByFile":[],"unmatched":0,"updated":0,"didUpdate":false},"startTime":1780634582497,"success":false,"testResults":[{"assertionResults":[{"ancestorTitles":["Sprint 1 interface behavior"],"fullName":"Sprint 1 interface behavior front page shows upcoming concerts and required concert details","status":"passed","title":"front page shows upcoming concerts and required concert details","duration":100.61552800000004,"failureMessages":[],"meta":{}},{"ancestorTitles":["Sprint 1 interface behavior"],"fullName":"Sprint 1 interface behavior calendar is visible with concerts pinned by date","status":"passed","title":"calendar is visible with concerts pinned by date","duration":21.11375099999998,"failureMessages":[],"meta":{}},{"ancestorTitles":["Sprint 1 interface behavior"],"fullName":"Sprint 1 interface behavior clear button resets search input without page refresh","status":"passed","title":"clear button resets search input without page refresh","duration":81.66721000000007,"failureMessages":[],"meta":{}},{"ancestorTitles":["Sprint 1 interface behavior"],"fullName":"Sprint 1 interface behavior clear button is hidden when search input is empty","status":"passed","title":"clear button is hidden when search input is empty","duration":22.531258999999977,"failureMessages":[],"meta":{}},{"ancestorTitles":["Sprint 1 interface behavior"],"fullName":"Sprint 1 interface behavior clear button appears when user types in search","status":"passed","title":"clear button appears when user types in search","duration":31.70276299999989,"failureMessages":[],"meta":{}},{"ancestorTitles":["Sprint 1 interface behavior"],"fullName":"Sprint 1 interface behavior clear button hides again after clearing the input","status":"passed","title":"clear button hides again after clearing the input","duration":54.7387930000001,"failureMessages":[],"meta":{}},{"ancestorTitles":["Sprint 1 interface behavior"],"fullName":"Sprint 1 interface behavior sort dropdown defaults to 'Soonest first'","status":"failed","title":"sort dropdown defaults to 'Soonest first'","duration":21.07526900000005,"failureMessages":["TestingLibraryElementError: Unable to find a label with the text of: Sort by date\n\nIgnored nodes: comments, script, style\n\u001b[36m<body>\u001b[39m\n  \u001b[36m<div>\u001b[39m\n    \u001b[36m<div\u001b[39m\n      \u001b[33mclass\u001b[39m=\u001b[32m\"app-shell\"\u001b[39m\n    \u001b[36m>\u001b[39m\n      \u001b[36m<header>\u001b[39m\n        \u001b[36m<h1>\u001b[39m\n          \u001b[0mLocal Live\u001b[0m\n        \u001b[36m</h1>\u001b[39m\n        \u001b[36m<p\u001b[39m\n          \u001b[33mclass\u001b[39m=\u001b[32m\"subtitle\"\u001b[39m\n        \u001b[36m>\u001b[39m\n          \u001b[0mFind nearby concerts happening soon.\u001b[0m\n        \u001b[36m</p>\u001b[39m\n      \u001b[36m</header>\u001b[39m\n      \u001b[36m<section\u001b[39m\n        \u001b[33maria-label\u001b[39m=\u001b[32m\"Search and filter controls\"\u001b[39m\n        \u001b[33mclass\u001b[39m=\u001b[32m\"controls\"\u001b[39m\n      \u001b[36m>\u001b[39m\n        \u001b[36m<label\u001b[39m\n          \u001b[33mfor\u001b[39m=\u001b[32m\"search\"\u001b[39m\n        \u001b[36m>\u001b[39m\n          \u001b[0mSearch concerts\u001b[0m\n        \u001b[36m</label>\u001b[39m\n        \u001b[36m<div\u001b[39m\n          \u001b[33mclass\u001b[39m=\u001b[32m\"search-row\"\u001b[39m\n        \u001b[36m>\u001b[39m\n          \u001b[36m<input\u001b[39m\n            \u001b[33mid\u001b[39m=\u001b[32m\"search\"\u001b[39m\n            \u001b[33mname\u001b[39m=\u001b[32m\"search\"\u001b[39m\n            \u001b[33mplaceholder\u001b[39m=\u001b[32m\"Search name, city, venue, or genre\"\u001b[39m\n            \u001b[33mtype\u001b[39m=\u001b[32m\"text\"\u001b[39m\n            \u001b[33mvalue\u001b[39m=\u001b[32m\"\"\u001b[39m\n          \u001b[36m/>\u001b[39m\n        \u001b[36m</div>\u001b[39m\n        \u001b[36m<div\u001b[39m\n          \u001b[33mclass\u001b[39m=\u001b[32m\"filterRow\"\u001b[39m\n        \u001b[36m>\u001b[39m\n          \u001b[36m<div\u001b[39m\n            \u001b[33mclass\u001b[39m=\u001b[32m\"filterGroup\"\u001b[39m\n            \u001b[33mstyle\u001b[39m=\u001b[32m\"position: relative; min-width: 150px;\"\u001b[39m\n          \u001b[36m>\u001b[39m\n            \u001b[36m<details\u001b[39m\n              \u001b[33mstyle\u001b[39m=\u001b[32m\"width: 100%;\"\u001b[39m\n            \u001b[36m>\u001b[39m\n              \u001b[36m<summary\u001b[39m\n                \u001b[33mstyle\u001b[39m=\u001b[32m\"display: flex; justify-content: space-between; align-items: center; background: rgb(255, 255, 255); color: rgb(19, 34, 54); border: 1px solid rgb(157, 181, 206); border-radius: 6px; padding: 0.5rem; cursor: pointer; font-weight: bold; list-style: none;\"\u001b[39m\n              \u001b[36m>\u001b[39m\n                \u001b[36m<span>\u001b[39m\n                  \u001b[0mGenres \u001b[0m\n                \u001b[36m</span>\u001b[39m\n                \u001b[36m<span\u001b[39m\n                  \u001b[33mstyle\u001b[39m=\u001b[32m\"font-size: 0.75rem;\"\u001b[39m\n                \u001b[36m>\u001b[39m\n                  \u001b[0m▼\u001b[0m\n                \u001b[36m</span>\u001b[39m\n              \u001b[36m</summary>\u001b[39m\n              \u001b[36m<div\u001b[39m\n                \u001b[33mstyle\u001b[39m=\u001b[32m\"position: absolute; top: 38px; left: 0px; z-index: 10; background: rgb(255, 255, 255); border: 1px solid rgb(157, 181, 206); border-radius: 6px; box-shadow: 0px 4px 8px rgba(0,0,0,0.1); padding: 8px; display: flex; flex-direction: column; gap: 6px; max-height: 180px; overflow-y: auto; width: 100%; box-sizing: border-box;\"\u001b[39m\n              \u001b[36m>\u001b[39m\n                \u001b[36m<label\u001b[39m\n                  \u001b[33mstyle\u001b[39m=\u001b[32m\"display: flex; align-items: center; gap: 8px; cursor: pointer;\"\u001b[39m\n                \u001b[36m>\u001b[39m\n                  \u001b[36m<input\u001b[39m\n                    \u001b[33mstyle\u001b[39m=\u001b[32m\"width: 16px; min-width: auto; cursor: pointer;\"\u001b[39m\n                    \u001b[33mtype\u001b[39m=\u001b[32m\"checkbox\"\u001b[39m\n                  \u001b[36m/>\u001b[39m\n                  \u001b[36m<span\u001b[39m\n                    \u001b[33mstyle\u001b[39m=\u001b[32m\"color: rgb(19, 34, 54);\"\u001b[39m\n                  \u001b[36m>\u001b[39m\n                    \u001b[0mElectronic\u001b[0m\n                  \u001b[36m</span>\u001b[39m\n                \u001b[36m</label>\u001b[39m\n                \u001b[36m<label\u001b[39m\n                  \u001b[33mstyle\u001b[39m=\u001b[32m\"display: flex; align-items: center; gap: 8px; cursor: pointer;\"\u001b[39m\n                \u001b[36m>\u001b[39m\n                  \u001b[36m<input\u001b[39m\n                    \u001b[33mstyle\u001b[39m=\u001b[32m\"width: 16px; min-width: auto; cursor: pointer;\"\u001b[39m\n                    \u001b[33mtype\u001b[39m=\u001b[32m\"checkbox\"\u001b[39m\n                  \u001b[36m/>\u001b[39m\n                  \u001b[36m<span\u001b[39m\n                    \u001b[33mstyle\u001b[39m=\u001b[32m\"color: rgb(19, 34, 54);\"\u001b[39m\n                  \u001b[36m>\u001b[39m\n                    \u001b[0mFolk\u001b[0m\n                  \u001b[36m</span>\u001b[39m\n                \u001b[36m</label>\u001b[39m\n                \u001b[36m<label\u001b[39m\n                  \u001b[33mstyle\u001b[39m=\u001b[32m\"display: flex; align-items: center; gap: 8px; cursor: pointer;\"\u001b[39m\n                \u001b[36m>\u001b[39m\n                  \u001b[36m<input\u001b[39m\n                    \u001b[33mstyle\u001b[39m=\u001b[32m\"width: 16px; min-width: auto; cursor: pointer;\"\u001b[39m\n                    \u001b[33mtype\u001b[39m=\u001b[32m\"checkbox\"\u001b[39m\n                  \u001b[36m/>\u001b[39m\n                  \u001b[36m<span\u001b[39m\n                    \u001b[33mstyle\u001b[39m=\u001b[32m\"color: rgb(19, 34, 54);\"\u001b[39m\n                  \u001b[36m>\u001b[39m\n                    \u001b[0mIndie\u001b[0m\n                  \u001b[36m</span>\u001b[39m\n                \u001b[36m</label>\u001b[39m\n                \u001b[36m<label\u001b[39m\n                  \u001b[33mstyle\u001b[39m=\u001b[32m\"display: flex; align-items: center; gap: 8px; cursor: pointer;\"\u001b[39m\n                \u001b[36m>\u001b[39m\n                  \u001b[36m<input\u001b[39m\n                    \u001b[33mstyle\u001b[39m=\u001b[32m\"width: 16px; min-width: auto; cursor: pointer;\"\u001b[39m\n                    \u001b[33mtype\u001b[39m=\u001b[32m\"checkbox\"\u001b[39m\n                  \u001b[36m/>\u001b[39m\n                  \u001b[36m<span\u001b[39m\n                    \u001b[33mstyle\u001b[39m=\u001b[32m\"color: rgb(19, 34, 54);\"\u001b[39m\n                  \u001b[36m>\u001b[39m\n                    \u001b[0mJazz\u001b[0m\n                  \u001b[36m</span>\u001b[39m\n                \u001b[36m</label>\u001b[39m\n                \u001b[36m<label\u001b[39m\n                  \u001b[33mstyle\u001b[39m=\u001b[32m\"display: flex; align-items: center; gap: 8px; cursor: pointer;\"\u001b[39m\n                \u001b[36m>\u001b[39m\n                  \u001b[36m<input\u001b[39m\n                    \u001b[33mstyle\u001b[39m=\u001b[32m\"width: 16px; min-width: auto; cursor: pointer;\"\u001b[39m\n                    \u001b[33mtype\u001b[39m=\u001b[32m\"checkbox\"\u001b[39m\n                  \u001b[36m/>\u001b[39m\n                  \u001b[36m<span\u001b[39m\n                    \u001b[33mstyle\u001b[39m=\u001b[32m\"color: rgb(19, 34, 54);\"\u001b[39m\n                  \u001b[36m>\u001b[39m\n                    \u001b[0mRock\u001b[0m\n                  \u001b[36m</span>\u001b[39m\n                \u001b[36m</label>\u001b[39m\n              \u001b[36m</div>\u001b[39m\n            \u001b[36m</details>\u001b[39m\n          \u001b[36m</div>\u001b[39m\n          \u001b[36m<div\u001b[39m\n            \u001b[33mclass\u001b[39m=\u001b[32m\"filterGroup\"\u001b[39m\n            \u001b[33mstyle\u001b[39m=\u001b[32m\"position: relative; min-width: 150px; width: 150px;\"\u001b[39m\n          \u001b[36m>\u001b[39m\n            \u001b[36m<details\u001b[39m\n              \u001b[33mstyle\u001b[39m=\u001b[32m\"width: 100%;\"\u001b[39m\n            \u001b[36m>\u001b[39m\n              \u001b[36m<summary\u001b[39m\n                \u001b[33maria-label\u001b[39m=\u001b[32m\"Zip code\"\u001b[39m\n                \u001b[33mstyle\u001b[39m=\u001b[32m\"display: flex; justify-content: space-between; align-items: center; background: rgb(255, 255, 255); color: rgb(19, 34, 54); border: 1px solid rgb(157, 181, 206); border-radius: 6px; padding: 0.5rem; cursor: pointer; font-weight: bold; list-style: none; width: 100%; box-sizing: border-box;\"\u001b[39m\n              \u001b[36m>\u001b[39m\n                \u001b[36m<span>\u001b[39m\n                  \u001b[0mZip Codes \u001b[0m\n                \u001b[36m</span>\u001b[39m\n                \u001b[36m<span\u001b[39m\n                  \u001b[33mstyle\u001b[39m=\u001b[32m\"font-size: 0.75rem;\"\u001b[39m\n                \u001b[36m>\u001b[39m\n                  \u001b[0m▼\u001b[0m\n                \u001b[36m</span>\u001b[39m\n              \u001b[36m</summary>\u001b[39m\n              \u001b[36m<div\u001b[39m\n                \u001b[33mstyle\u001b[39m=\u001b[32m\"positi...\n    at Object.getElementError (/home/gabe/Documents/School/CSS_360/TheProject/frontend/node_modules/@testing-library/dom/dist/config.js:37:19)\n    at getAllByLabelText (/home/gabe/Documents/School/CSS_360/TheProject/frontend/node_modules/@testing-library/dom/dist/queries/label-text.js:111:38)\n    at /home/gabe/Documents/School/CSS_360/TheProject/frontend/node_modules/@testing-library/dom/dist/query-helpers.js:52:17\n    at /home/gabe/Documents/School/CSS_360/TheProject/frontend/node_modules/@testing-library/dom/dist/query-helpers.js:95:19\n    at /home/gabe/Documents/School/CSS_360/TheProject/frontend/src/tests/App.test.jsx:70:31\n    at file:///home/gabe/Documents/School/CSS_360/TheProject/frontend/node_modules/@vitest/runner/dist/index.js:146:14\n    at file:///home/gabe/Documents/School/CSS_360/TheProject/frontend/node_modules/@vitest/runner/dist/index.js:533:11\n    at runWithTimeout (file:///home/gabe/Documents/School/CSS_360/TheProject/frontend/node_modules/@vitest/runner/dist/index.js:39:7)\n    at runTest (file:///home/gabe/Documents/School/CSS_360/TheProject/frontend/node_modules/@vitest/runner/dist/index.js:1056:17)\n    at runSuite (file:///home/gabe/Documents/School/CSS_360/TheProject/frontend/node_modules/@vitest/runner/dist/index.js:1205:15)"],"meta":{}},{"ancestorTitles":["Sprint 1 interface behavior"],"fullName":"Sprint 1 interface behavior changing sort to 'Latest first' re-orders the concert list","status":"failed","title":"changing sort to 'Latest first' re-orders the concert list","duration":15.986221,"failureMessages":["TestingLibraryElementError: Unable to find a label with the text of: Sort by date\n\nIgnored nodes: comments, script, style\n\u001b[36m<body>\u001b[39m\n  \u001b[36m<div>\u001b[39m\n    \u001b[36m<div\u001b[39m\n      \u001b[33mclass\u001b[39m=\u001b[32m\"app-shell\"\u001b[39m\n    \u001b[36m>\u001b[39m\n      \u001b[36m<header>\u001b[39m\n        \u001b[36m<h1>\u001b[39m\n          \u001b[0mLocal Live\u001b[0m\n        \u001b[36m</h1>\u001b[39m\n        \u001b[36m<p\u001b[39m\n          \u001b[33mclass\u001b[39m=\u001b[32m\"subtitle\"\u001b[39m\n        \u001b[36m>\u001b[39m\n          \u001b[0mFind nearby concerts happening soon.\u001b[0m\n        \u001b[36m</p>\u001b[39m\n      \u001b[36m</header>\u001b[39m\n      \u001b[36m<section\u001b[39m\n        \u001b[33maria-label\u001b[39m=\u001b[32m\"Search and filter controls\"\u001b[39m\n        \u001b[33mclass\u001b[39m=\u001b[32m\"controls\"\u001b[39m\n      \u001b[36m>\u001b[39m\n        \u001b[36m<label\u001b[39m\n          \u001b[33mfor\u001b[39m=\u001b[32m\"search\"\u001b[39m\n        \u001b[36m>\u001b[39m\n          \u001b[0mSearch concerts\u001b[0m\n        \u001b[36m</label>\u001b[39m\n        \u001b[36m<div\u001b[39m\n          \u001b[33mclass\u001b[39m=\u001b[32m\"search-row\"\u001b[39m\n        \u001b[36m>\u001b[39m\n          \u001b[36m<input\u001b[39m\n            \u001b[33mid\u001b[39m=\u001b[32m\"search\"\u001b[39m\n            \u001b[33mname\u001b[39m=\u001b[32m\"search\"\u001b[39m\n            \u001b[33mplaceholder\u001b[39m=\u001b[32m\"Search name, city, venue, or genre\"\u001b[39m\n            \u001b[33mtype\u001b[39m=\u001b[32m\"text\"\u001b[39m\n            \u001b[33mvalue\u001b[39m=\u001b[32m\"\"\u001b[39m\n          \u001b[36m/>\u001b[39m\n        \u001b[36m</div>\u001b[39m\n        \u001b[36m<div\u001b[39m\n          \u001b[33mclass\u001b[39m=\u001b[32m\"filterRow\"\u001b[39m\n        \u001b[36m>\u001b[39m\n          \u001b[36m<div\u001b[39m\n            \u001b[33mclass\u001b[39m=\u001b[32m\"filterGroup\"\u001b[39m\n            \u001b[33mstyle\u001b[39m=\u001b[32m\"position: relative; min-width: 150px;\"\u001b[39m\n          \u001b[36m>\u001b[39m\n            \u001b[36m<details\u001b[39m\n              \u001b[33mstyle\u001b[39m=\u001b[32m\"width: 100%;\"\u001b[39m\n            \u001b[36m>\u001b[39m\n              \u001b[36m<summary\u001b[39m\n                \u001b[33mstyle\u001b[39m=\u001b[32m\"display: flex; justify-content: space-between; align-items: center; background: rgb(255, 255, 255); color: rgb(19, 34, 54); border: 1px solid rgb(157, 181, 206); border-radius: 6px; padding: 0.5rem; cursor: pointer; font-weight: bold; list-style: none;\"\u001b[39m\n              \u001b[36m>\u001b[39m\n                \u001b[36m<span>\u001b[39m\n                  \u001b[0mGenres \u001b[0m\n                \u001b[36m</span>\u001b[39m\n                \u001b[36m<span\u001b[39m\n                  \u001b[33mstyle\u001b[39m=\u001b[32m\"font-size: 0.75rem;\"\u001b[39m\n                \u001b[36m>\u001b[39m\n                  \u001b[0m▼\u001b[0m\n                \u001b[36m</span>\u001b[39m\n              \u001b[36m</summary>\u001b[39m\n              \u001b[36m<div\u001b[39m\n                \u001b[33mstyle\u001b[39m=\u001b[32m\"position: absolute; top: 38px; left: 0px; z-index: 10; background: rgb(255, 255, 255); border: 1px solid rgb(157, 181, 206); border-radius: 6px; box-shadow: 0px 4px 8px rgba(0,0,0,0.1); padding: 8px; display: flex; flex-direction: column; gap: 6px; max-height: 180px; overflow-y: auto; width: 100%; box-sizing: border-box;\"\u001b[39m\n              \u001b[36m>\u001b[39m\n                \u001b[36m<label\u001b[39m\n                  \u001b[33mstyle\u001b[39m=\u001b[32m\"display: flex; align-items: center; gap: 8px; cursor: pointer;\"\u001b[39m\n                \u001b[36m>\u001b[39m\n                  \u001b[36m<input\u001b[39m\n                    \u001b[33mstyle\u001b[39m=\u001b[32m\"width: 16px; min-width: auto; cursor: pointer;\"\u001b[39m\n                    \u001b[33mtype\u001b[39m=\u001b[32m\"checkbox\"\u001b[39m\n                  \u001b[36m/>\u001b[39m\n                  \u001b[36m<span\u001b[39m\n                    \u001b[33mstyle\u001b[39m=\u001b[32m\"color: rgb(19, 34, 54);\"\u001b[39m\n                  \u001b[36m>\u001b[39m\n                    \u001b[0mElectronic\u001b[0m\n                  \u001b[36m</span>\u001b[39m\n                \u001b[36m</label>\u001b[39m\n                \u001b[36m<label\u001b[39m\n                  \u001b[33mstyle\u001b[39m=\u001b[32m\"display: flex; align-items: center; gap: 8px; cursor: pointer;\"\u001b[39m\n                \u001b[36m>\u001b[39m\n                  \u001b[36m<input\u001b[39m\n                    \u001b[33mstyle\u001b[39m=\u001b[32m\"width: 16px; min-width: auto; cursor: pointer;\"\u001b[39m\n                    \u001b[33mtype\u001b[39m=\u001b[32m\"checkbox\"\u001b[39m\n                  \u001b[36m/>\u001b[39m\n                  \u001b[36m<span\u001b[39m\n                    \u001b[33mstyle\u001b[39m=\u001b[32m\"color: rgb(19, 34, 54);\"\u001b[39m\n                  \u001b[36m>\u001b[39m\n                    \u001b[0mFolk\u001b[0m\n                  \u001b[36m</span>\u001b[39m\n                \u001b[36m</label>\u001b[39m\n                \u001b[36m<label\u001b[39m\n                  \u001b[33mstyle\u001b[39m=\u001b[32m\"display: flex; align-items: center; gap: 8px; cursor: pointer;\"\u001b[39m\n                \u001b[36m>\u001b[39m\n                  \u001b[36m<input\u001b[39m\n                    \u001b[33mstyle\u001b[39m=\u001b[32m\"width: 16px; min-width: auto; cursor: pointer;\"\u001b[39m\n                    \u001b[33mtype\u001b[39m=\u001b[32m\"checkbox\"\u001b[39m\n                  \u001b[36m/>\u001b[39m\n                  \u001b[36m<span\u001b[39m\n                    \u001b[33mstyle\u001b[39m=\u001b[32m\"color: rgb(19, 34, 54);\"\u001b[39m\n                  \u001b[36m>\u001b[39m\n                    \u001b[0mIndie\u001b[0m\n                  \u001b[36m</span>\u001b[39m\n                \u001b[36m</label>\u001b[39m\n                \u001b[36m<label\u001b[39m\n                  \u001b[33mstyle\u001b[39m=\u001b[32m\"display: flex; align-items: center; gap: 8px; cursor: pointer;\"\u001b[39m\n                \u001b[36m>\u001b[39m\n                  \u001b[36m<input\u001b[39m\n                    \u001b[33mstyle\u001b[39m=\u001b[32m\"width: 16px; min-width: auto; cursor: pointer;\"\u001b[39m\n                    \u001b[33mtype\u001b[39m=\u001b[32m\"checkbox\"\u001b[39m\n                  \u001b[36m/>\u001b[39m\n                  \u001b[36m<span\u001b[39m\n                    \u001b[33mstyle\u001b[39m=\u001b[32m\"color: rgb(19, 34, 54);\"\u001b[39m\n                  \u001b[36m>\u001b[39m\n                    \u001b[0mJazz\u001b[0m\n                  \u001b[36m</span>\u001b[39m\n                \u001b[36m</label>\u001b[39m\n                \u001b[36m<label\u001b[39m\n                  \u001b[33mstyle\u001b[39m=\u001b[32m\"display: flex; align-items: center; gap: 8px; cursor: pointer;\"\u001b[39m\n                \u001b[36m>\u001b[39m\n                  \u001b[36m<input\u001b[39m\n                    \u001b[33mstyle\u001b[39m=\u001b[32m\"width: 16px; min-width: auto; cursor: pointer;\"\u001b[39m\n                    \u001b[33mtype\u001b[39m=\u001b[32m\"checkbox\"\u001b[39m\n                  \u001b[36m/>\u001b[39m\n                  \u001b[36m<span\u001b[39m\n                    \u001b[33mstyle\u001b[39m=\u001b[32m\"color: rgb(19, 34, 54);\"\u001b[39m\n                  \u001b[36m>\u001b[39m\n                    \u001b[0mRock\u001b[0m\n                  \u001b[36m</span>\u001b[39m\n                \u001b[36m</label>\u001b[39m\n              \u001b[36m</div>\u001b[39m\n            \u001b[36m</details>\u001b[39m\n          \u001b[36m</div>\u001b[39m\n          \u001b[36m<div\u001b[39m\n            \u001b[33mclass\u001b[39m=\u001b[32m\"filterGroup\"\u001b[39m\n            \u001b[33mstyle\u001b[39m=\u001b[32m\"position: relative; min-width: 150px; width: 150px;\"\u001b[39m\n          \u001b[36m>\u001b[39m\n            \u001b[36m<details\u001b[39m\n              \u001b[33mstyle\u001b[39m=\u001b[32m\"width: 100%;\"\u001b[39m\n            \u001b[36m>\u001b[39m\n              \u001b[36m<summary\u001b[39m\n                \u001b[33maria-label\u001b[39m=\u001b[32m\"Zip code\"\u001b[39m\n                \u001b[33mstyle\u001b[39m=\u001b[32m\"display: flex; justify-content: space-between; align-items: center; background: rgb(255, 255, 255); color: rgb(19, 34, 54); border: 1px solid rgb(157, 181, 206); border-radius: 6px; padding: 0.5rem; cursor: pointer; font-weight: bold; list-style: none; width: 100%; box-sizing: border-box;\"\u001b[39m\n              \u001b[36m>\u001b[39m\n                \u001b[36m<span>\u001b[39m\n                  \u001b[0mZip Codes \u001b[0m\n                \u001b[36m</span>\u001b[39m\n                \u001b[36m<span\u001b[39m\n                  \u001b[33mstyle\u001b[39m=\u001b[32m\"font-size: 0.75rem;\"\u001b[39m\n                \u001b[36m>\u001b[39m\n                  \u001b[0m▼\u001b[0m\n                \u001b[36m</span>\u001b[39m\n              \u001b[36m</summary>\u001b[39m\n              \u001b[36m<div\u001b[39m\n                \u001b[33mstyle\u001b[39m=\u001b[32m\"positi...\n    at Object.getElementError (/home/gabe/Documents/School/CSS_360/TheProject/frontend/node_modules/@testing-library/dom/dist/config.js:37:19)\n    at getAllByLabelText (/home/gabe/Documents/School/CSS_360/TheProject/frontend/node_modules/@testing-library/dom/dist/queries/label-text.js:111:38)\n    at /home/gabe/Documents/School/CSS_360/TheProject/frontend/node_modules/@testing-library/dom/dist/query-helpers.js:52:17\n    at /home/gabe/Documents/School/CSS_360/TheProject/frontend/node_modules/@testing-library/dom/dist/query-helpers.js:95:19\n    at /home/gabe/Documents/School/CSS_360/TheProject/frontend/src/tests/App.test.jsx:77:31\n    at file:///home/gabe/Documents/School/CSS_360/TheProject/frontend/node_modules/@vitest/runner/dist/index.js:146:14\n    at file:///home/gabe/Documents/School/CSS_360/TheProject/frontend/node_modules/@vitest/runner/dist/index.js:533:11\n    at runWithTimeout (file:///home/gabe/Documents/School/CSS_360/TheProject/frontend/node_modules/@vitest/runner/dist/index.js:39:7)\n    at runTest (file:///home/gabe/Documents/School/CSS_360/TheProject/frontend/node_modules/@vitest/runner/dist/index.js:1056:17)\n    at runSuite (file:///home/gabe/Documents/School/CSS_360/TheProject/frontend/node_modules/@vitest/runner/dist/index.js:1205:15)"],"meta":{}},{"ancestorTitles":["Sprint 1 interface behavior"],"fullName":"Sprint 1 interface behavior genre filter limits visible events","status":"failed","title":"genre filter limits visible events","duration":13.663416999999981,"failureMessages":["TestingLibraryElementError: Unable to find a label with the text of: Genre\n\nIgnored nodes: comments, script, style\n\u001b[36m<body>\u001b[39m\n  \u001b[36m<div>\u001b[39m\n    \u001b[36m<div\u001b[39m\n      \u001b[33mclass\u001b[39m=\u001b[32m\"app-shell\"\u001b[39m\n    \u001b[36m>\u001b[39m\n      \u001b[36m<header>\u001b[39m\n        \u001b[36m<h1>\u001b[39m\n          \u001b[0mLocal Live\u001b[0m\n        \u001b[36m</h1>\u001b[39m\n        \u001b[36m<p\u001b[39m\n          \u001b[33mclass\u001b[39m=\u001b[32m\"subtitle\"\u001b[39m\n        \u001b[36m>\u001b[39m\n          \u001b[0mFind nearby concerts happening soon.\u001b[0m\n        \u001b[36m</p>\u001b[39m\n      \u001b[36m</header>\u001b[39m\n      \u001b[36m<section\u001b[39m\n        \u001b[33maria-label\u001b[39m=\u001b[32m\"Search and filter controls\"\u001b[39m\n        \u001b[33mclass\u001b[39m=\u001b[32m\"controls\"\u001b[39m\n      \u001b[36m>\u001b[39m\n        \u001b[36m<label\u001b[39m\n          \u001b[33mfor\u001b[39m=\u001b[32m\"search\"\u001b[39m\n        \u001b[36m>\u001b[39m\n          \u001b[0mSearch concerts\u001b[0m\n        \u001b[36m</label>\u001b[39m\n        \u001b[36m<div\u001b[39m\n          \u001b[33mclass\u001b[39m=\u001b[32m\"search-row\"\u001b[39m\n        \u001b[36m>\u001b[39m\n          \u001b[36m<input\u001b[39m\n            \u001b[33mid\u001b[39m=\u001b[32m\"search\"\u001b[39m\n            \u001b[33mname\u001b[39m=\u001b[32m\"search\"\u001b[39m\n            \u001b[33mplaceholder\u001b[39m=\u001b[32m\"Search name, city, venue, or genre\"\u001b[39m\n            \u001b[33mtype\u001b[39m=\u001b[32m\"text\"\u001b[39m\n            \u001b[33mvalue\u001b[39m=\u001b[32m\"\"\u001b[39m\n          \u001b[36m/>\u001b[39m\n        \u001b[36m</div>\u001b[39m\n        \u001b[36m<div\u001b[39m\n          \u001b[33mclass\u001b[39m=\u001b[32m\"filterRow\"\u001b[39m\n        \u001b[36m>\u001b[39m\n          \u001b[36m<div\u001b[39m\n            \u001b[33mclass\u001b[39m=\u001b[32m\"filterGroup\"\u001b[39m\n            \u001b[33mstyle\u001b[39m=\u001b[32m\"position: relative; min-width: 150px;\"\u001b[39m\n          \u001b[36m>\u001b[39m\n            \u001b[36m<details\u001b[39m\n              \u001b[33mstyle\u001b[39m=\u001b[32m\"width: 100%;\"\u001b[39m\n            \u001b[36m>\u001b[39m\n              \u001b[36m<summary\u001b[39m\n                \u001b[33mstyle\u001b[39m=\u001b[32m\"display: flex; justify-content: space-between; align-items: center; background: rgb(255, 255, 255); color: rgb(19, 34, 54); border: 1px solid rgb(157, 181, 206); border-radius: 6px; padding: 0.5rem; cursor: pointer; font-weight: bold; list-style: none;\"\u001b[39m\n              \u001b[36m>\u001b[39m\n                \u001b[36m<span>\u001b[39m\n                  \u001b[0mGenres \u001b[0m\n                \u001b[36m</span>\u001b[39m\n                \u001b[36m<span\u001b[39m\n                  \u001b[33mstyle\u001b[39m=\u001b[32m\"font-size: 0.75rem;\"\u001b[39m\n                \u001b[36m>\u001b[39m\n                  \u001b[0m▼\u001b[0m\n                \u001b[36m</span>\u001b[39m\n              \u001b[36m</summary>\u001b[39m\n              \u001b[36m<div\u001b[39m\n                \u001b[33mstyle\u001b[39m=\u001b[32m\"position: absolute; top: 38px; left: 0px; z-index: 10; background: rgb(255, 255, 255); border: 1px solid rgb(157, 181, 206); border-radius: 6px; box-shadow: 0px 4px 8px rgba(0,0,0,0.1); padding: 8px; display: flex; flex-direction: column; gap: 6px; max-height: 180px; overflow-y: auto; width: 100%; box-sizing: border-box;\"\u001b[39m\n              \u001b[36m>\u001b[39m\n                \u001b[36m<label\u001b[39m\n                  \u001b[33mstyle\u001b[39m=\u001b[32m\"display: flex; align-items: center; gap: 8px; cursor: pointer;\"\u001b[39m\n                \u001b[36m>\u001b[39m\n                  \u001b[36m<input\u001b[39m\n                    \u001b[33mstyle\u001b[39m=\u001b[32m\"width: 16px; min-width: auto; cursor: pointer;\"\u001b[39m\n                    \u001b[33mtype\u001b[39m=\u001b[32m\"checkbox\"\u001b[39m\n                  \u001b[36m/>\u001b[39m\n                  \u001b[36m<span\u001b[39m\n                    \u001b[33mstyle\u001b[39m=\u001b[32m\"color: rgb(19, 34, 54);\"\u001b[39m\n                  \u001b[36m>\u001b[39m\n                    \u001b[0mElectronic\u001b[0m\n                  \u001b[36m</span>\u001b[39m\n                \u001b[36m</label>\u001b[39m\n                \u001b[36m<label\u001b[39m\n                  \u001b[33mstyle\u001b[39m=\u001b[32m\"display: flex; align-items: center; gap: 8px; cursor: pointer;\"\u001b[39m\n                \u001b[36m>\u001b[39m\n                  \u001b[36m<input\u001b[39m\n                    \u001b[33mstyle\u001b[39m=\u001b[32m\"width: 16px; min-width: auto; cursor: pointer;\"\u001b[39m\n                    \u001b[33mtype\u001b[39m=\u001b[32m\"checkbox\"\u001b[39m\n                  \u001b[36m/>\u001b[39m\n                  \u001b[36m<span\u001b[39m\n                    \u001b[33mstyle\u001b[39m=\u001b[32m\"color: rgb(19, 34, 54);\"\u001b[39m\n                  \u001b[36m>\u001b[39m\n                    \u001b[0mFolk\u001b[0m\n                  \u001b[36m</span>\u001b[39m\n                \u001b[36m</label>\u001b[39m\n                \u001b[36m<label\u001b[39m\n                  \u001b[33mstyle\u001b[39m=\u001b[32m\"display: flex; align-items: center; gap: 8px; cursor: pointer;\"\u001b[39m\n                \u001b[36m>\u001b[39m\n                  \u001b[36m<input\u001b[39m\n                    \u001b[33mstyle\u001b[39m=\u001b[32m\"width: 16px; min-width: auto; cursor: pointer;\"\u001b[39m\n                    \u001b[33mtype\u001b[39m=\u001b[32m\"checkbox\"\u001b[39m\n                  \u001b[36m/>\u001b[39m\n                  \u001b[36m<span\u001b[39m\n                    \u001b[33mstyle\u001b[39m=\u001b[32m\"color: rgb(19, 34, 54);\"\u001b[39m\n                  \u001b[36m>\u001b[39m\n                    \u001b[0mIndie\u001b[0m\n                  \u001b[36m</span>\u001b[39m\n                \u001b[36m</label>\u001b[39m\n                \u001b[36m<label\u001b[39m\n                  \u001b[33mstyle\u001b[39m=\u001b[32m\"display: flex; align-items: center; gap: 8px; cursor: pointer;\"\u001b[39m\n                \u001b[36m>\u001b[39m\n                  \u001b[36m<input\u001b[39m\n                    \u001b[33mstyle\u001b[39m=\u001b[32m\"width: 16px; min-width: auto; cursor: pointer;\"\u001b[39m\n                    \u001b[33mtype\u001b[39m=\u001b[32m\"checkbox\"\u001b[39m\n                  \u001b[36m/>\u001b[39m\n                  \u001b[36m<span\u001b[39m\n                    \u001b[33mstyle\u001b[39m=\u001b[32m\"color: rgb(19, 34, 54);\"\u001b[39m\n                  \u001b[36m>\u001b[39m\n                    \u001b[0mJazz\u001b[0m\n                  \u001b[36m</span>\u001b[39m\n                \u001b[36m</label>\u001b[39m\n                \u001b[36m<label\u001b[39m\n                  \u001b[33mstyle\u001b[39m=\u001b[32m\"display: flex; align-items: center; gap: 8px; cursor: pointer;\"\u001b[39m\n                \u001b[36m>\u001b[39m\n                  \u001b[36m<input\u001b[39m\n                    \u001b[33mstyle\u001b[39m=\u001b[32m\"width: 16px; min-width: auto; cursor: pointer;\"\u001b[39m\n                    \u001b[33mtype\u001b[39m=\u001b[32m\"checkbox\"\u001b[39m\n                  \u001b[36m/>\u001b[39m\n                  \u001b[36m<span\u001b[39m\n                    \u001b[33mstyle\u001b[39m=\u001b[32m\"color: rgb(19, 34, 54);\"\u001b[39m\n                  \u001b[36m>\u001b[39m\n                    \u001b[0mRock\u001b[0m\n                  \u001b[36m</span>\u001b[39m\n                \u001b[36m</label>\u001b[39m\n              \u001b[36m</div>\u001b[39m\n            \u001b[36m</details>\u001b[39m\n          \u001b[36m</div>\u001b[39m\n          \u001b[36m<div\u001b[39m\n            \u001b[33mclass\u001b[39m=\u001b[32m\"filterGroup\"\u001b[39m\n            \u001b[33mstyle\u001b[39m=\u001b[32m\"position: relative; min-width: 150px; width: 150px;\"\u001b[39m\n          \u001b[36m>\u001b[39m\n            \u001b[36m<details\u001b[39m\n              \u001b[33mstyle\u001b[39m=\u001b[32m\"width: 100%;\"\u001b[39m\n            \u001b[36m>\u001b[39m\n              \u001b[36m<summary\u001b[39m\n                \u001b[33maria-label\u001b[39m=\u001b[32m\"Zip code\"\u001b[39m\n                \u001b[33mstyle\u001b[39m=\u001b[32m\"display: flex; justify-content: space-between; align-items: center; background: rgb(255, 255, 255); color: rgb(19, 34, 54); border: 1px solid rgb(157, 181, 206); border-radius: 6px; padding: 0.5rem; cursor: pointer; font-weight: bold; list-style: none; width: 100%; box-sizing: border-box;\"\u001b[39m\n              \u001b[36m>\u001b[39m\n                \u001b[36m<span>\u001b[39m\n                  \u001b[0mZip Codes \u001b[0m\n                \u001b[36m</span>\u001b[39m\n                \u001b[36m<span\u001b[39m\n                  \u001b[33mstyle\u001b[39m=\u001b[32m\"font-size: 0.75rem;\"\u001b[39m\n                \u001b[36m>\u001b[39m\n                  \u001b[0m▼\u001b[0m\n                \u001b[36m</span>\u001b[39m\n              \u001b[36m</summary>\u001b[39m\n              \u001b[36m<div\u001b[39m\n                \u001b[33mstyle\u001b[39m=\u001b[32m\"positi...\n    at Object.getElementError (/home/gabe/Documents/School/CSS_360/TheProject/frontend/node_modules/@testing-library/dom/dist/config.js:37:19)\n    at getAllByLabelText (/home/gabe/Documents/School/CSS_360/TheProject/frontend/node_modules/@testing-library/dom/dist/queries/label-text.js:111:38)\n    at /home/gabe/Documents/School/CSS_360/TheProject/frontend/node_modules/@testing-library/dom/dist/query-helpers.js:52:17\n    at /home/gabe/Documents/School/CSS_360/TheProject/frontend/node_modules/@testing-library/dom/dist/query-helpers.js:95:19\n    at /home/gabe/Documents/School/CSS_360/TheProject/frontend/src/tests/App.test.jsx:88:27\n    at file:///home/gabe/Documents/School/CSS_360/TheProject/frontend/node_modules/@vitest/runner/dist/index.js:146:14\n    at file:///home/gabe/Documents/School/CSS_360/TheProject/frontend/node_modules/@vitest/runner/dist/index.js:533:11\n    at runWithTimeout (file:///home/gabe/Documents/School/CSS_360/TheProject/frontend/node_modules/@vitest/runner/dist/index.js:39:7)\n    at runTest (file:///home/gabe/Documents/School/CSS_360/TheProject/frontend/node_modules/@vitest/runner/dist/index.js:1056:17)\n    at runSuite (file:///home/gabe/Documents/School/CSS_360/TheProject/frontend/node_modules/@vitest/runner/dist/index.js:1205:15)"],"meta":{}},{"ancestorTitles":["Sprint 1 interface behavior"],"fullName":"Sprint 1 interface behavior search works with partial matching","status":"passed","title":"search works with partial matching","duration":40.24915199999987,"failureMessages":[],"meta":{}},{"ancestorTitles":["Sprint 1 interface behavior"],"fullName":"Sprint 1 interface behavior base accessibility affordances are present","status":"failed","title":"base accessibility affordances are present","duration":18.67464300000006,"failureMessages":["TestingLibraryElementError: Unable to find a label with the text of: Genre\n\nIgnored nodes: comments, script, style\n\u001b[36m<body>\u001b[39m\n  \u001b[36m<div>\u001b[39m\n    \u001b[36m<div\u001b[39m\n      \u001b[33mclass\u001b[39m=\u001b[32m\"app-shell\"\u001b[39m\n    \u001b[36m>\u001b[39m\n      \u001b[36m<header>\u001b[39m\n        \u001b[36m<h1>\u001b[39m\n          \u001b[0mLocal Live\u001b[0m\n        \u001b[36m</h1>\u001b[39m\n        \u001b[36m<p\u001b[39m\n          \u001b[33mclass\u001b[39m=\u001b[32m\"subtitle\"\u001b[39m\n        \u001b[36m>\u001b[39m\n          \u001b[0mFind nearby concerts happening soon.\u001b[0m\n        \u001b[36m</p>\u001b[39m\n      \u001b[36m</header>\u001b[39m\n      \u001b[36m<section\u001b[39m\n        \u001b[33maria-label\u001b[39m=\u001b[32m\"Search and filter controls\"\u001b[39m\n        \u001b[33mclass\u001b[39m=\u001b[32m\"controls\"\u001b[39m\n      \u001b[36m>\u001b[39m\n        \u001b[36m<label\u001b[39m\n          \u001b[33mfor\u001b[39m=\u001b[32m\"search\"\u001b[39m\n        \u001b[36m>\u001b[39m\n          \u001b[0mSearch concerts\u001b[0m\n        \u001b[36m</label>\u001b[39m\n        \u001b[36m<div\u001b[39m\n          \u001b[33mclass\u001b[39m=\u001b[32m\"search-row\"\u001b[39m\n        \u001b[36m>\u001b[39m\n          \u001b[36m<input\u001b[39m\n            \u001b[33mid\u001b[39m=\u001b[32m\"search\"\u001b[39m\n            \u001b[33mname\u001b[39m=\u001b[32m\"search\"\u001b[39m\n            \u001b[33mplaceholder\u001b[39m=\u001b[32m\"Search name, city, venue, or genre\"\u001b[39m\n            \u001b[33mtype\u001b[39m=\u001b[32m\"text\"\u001b[39m\n            \u001b[33mvalue\u001b[39m=\u001b[32m\"\"\u001b[39m\n          \u001b[36m/>\u001b[39m\n        \u001b[36m</div>\u001b[39m\n        \u001b[36m<div\u001b[39m\n          \u001b[33mclass\u001b[39m=\u001b[32m\"filterRow\"\u001b[39m\n        \u001b[36m>\u001b[39m\n          \u001b[36m<div\u001b[39m\n            \u001b[33mclass\u001b[39m=\u001b[32m\"filterGroup\"\u001b[39m\n            \u001b[33mstyle\u001b[39m=\u001b[32m\"position: relative; min-width: 150px;\"\u001b[39m\n          \u001b[36m>\u001b[39m\n            \u001b[36m<details\u001b[39m\n              \u001b[33mstyle\u001b[39m=\u001b[32m\"width: 100%;\"\u001b[39m\n            \u001b[36m>\u001b[39m\n              \u001b[36m<summary\u001b[39m\n                \u001b[33mstyle\u001b[39m=\u001b[32m\"display: flex; justify-content: space-between; align-items: center; background: rgb(255, 255, 255); color: rgb(19, 34, 54); border: 1px solid rgb(157, 181, 206); border-radius: 6px; padding: 0.5rem; cursor: pointer; font-weight: bold; list-style: none;\"\u001b[39m\n              \u001b[36m>\u001b[39m\n                \u001b[36m<span>\u001b[39m\n                  \u001b[0mGenres \u001b[0m\n                \u001b[36m</span>\u001b[39m\n                \u001b[36m<span\u001b[39m\n                  \u001b[33mstyle\u001b[39m=\u001b[32m\"font-size: 0.75rem;\"\u001b[39m\n                \u001b[36m>\u001b[39m\n                  \u001b[0m▼\u001b[0m\n                \u001b[36m</span>\u001b[39m\n              \u001b[36m</summary>\u001b[39m\n              \u001b[36m<div\u001b[39m\n                \u001b[33mstyle\u001b[39m=\u001b[32m\"position: absolute; top: 38px; left: 0px; z-index: 10; background: rgb(255, 255, 255); border: 1px solid rgb(157, 181, 206); border-radius: 6px; box-shadow: 0px 4px 8px rgba(0,0,0,0.1); padding: 8px; display: flex; flex-direction: column; gap: 6px; max-height: 180px; overflow-y: auto; width: 100%; box-sizing: border-box;\"\u001b[39m\n              \u001b[36m>\u001b[39m\n                \u001b[36m<label\u001b[39m\n                  \u001b[33mstyle\u001b[39m=\u001b[32m\"display: flex; align-items: center; gap: 8px; cursor: pointer;\"\u001b[39m\n                \u001b[36m>\u001b[39m\n                  \u001b[36m<input\u001b[39m\n                    \u001b[33mstyle\u001b[39m=\u001b[32m\"width: 16px; min-width: auto; cursor: pointer;\"\u001b[39m\n                    \u001b[33mtype\u001b[39m=\u001b[32m\"checkbox\"\u001b[39m\n                  \u001b[36m/>\u001b[39m\n                  \u001b[36m<span\u001b[39m\n                    \u001b[33mstyle\u001b[39m=\u001b[32m\"color: rgb(19, 34, 54);\"\u001b[39m\n                  \u001b[36m>\u001b[39m\n                    \u001b[0mElectronic\u001b[0m\n                  \u001b[36m</span>\u001b[39m\n                \u001b[36m</label>\u001b[39m\n                \u001b[36m<label\u001b[39m\n                  \u001b[33mstyle\u001b[39m=\u001b[32m\"display: flex; align-items: center; gap: 8px; cursor: pointer;\"\u001b[39m\n                \u001b[36m>\u001b[39m\n                  \u001b[36m<input\u001b[39m\n                    \u001b[33mstyle\u001b[39m=\u001b[32m\"width: 16px; min-width: auto; cursor: pointer;\"\u001b[39m\n                    \u001b[33mtype\u001b[39m=\u001b[32m\"checkbox\"\u001b[39m\n                  \u001b[36m/>\u001b[39m\n                  \u001b[36m<span\u001b[39m\n                    \u001b[33mstyle\u001b[39m=\u001b[32m\"color: rgb(19, 34, 54);\"\u001b[39m\n                  \u001b[36m>\u001b[39m\n                    \u001b[0mFolk\u001b[0m\n                  \u001b[36m</span>\u001b[39m\n                \u001b[36m</label>\u001b[39m\n                \u001b[36m<label\u001b[39m\n                  \u001b[33mstyle\u001b[39m=\u001b[32m\"display: flex; align-items: center; gap: 8px; cursor: pointer;\"\u001b[39m\n                \u001b[36m>\u001b[39m\n                  \u001b[36m<input\u001b[39m\n                    \u001b[33mstyle\u001b[39m=\u001b[32m\"width: 16px; min-width: auto; cursor: pointer;\"\u001b[39m\n                    \u001b[33mtype\u001b[39m=\u001b[32m\"checkbox\"\u001b[39m\n                  \u001b[36m/>\u001b[39m\n                  \u001b[36m<span\u001b[39m\n                    \u001b[33mstyle\u001b[39m=\u001b[32m\"color: rgb(19, 34, 54);\"\u001b[39m\n                  \u001b[36m>\u001b[39m\n                    \u001b[0mIndie\u001b[0m\n                  \u001b[36m</span>\u001b[39m\n                \u001b[36m</label>\u001b[39m\n                \u001b[36m<label\u001b[39m\n                  \u001b[33mstyle\u001b[39m=\u001b[32m\"display: flex; align-items: center; gap: 8px; cursor: pointer;\"\u001b[39m\n                \u001b[36m>\u001b[39m\n                  \u001b[36m<input\u001b[39m\n                    \u001b[33mstyle\u001b[39m=\u001b[32m\"width: 16px; min-width: auto; cursor: pointer;\"\u001b[39m\n                    \u001b[33mtype\u001b[39m=\u001b[32m\"checkbox\"\u001b[39m\n                  \u001b[36m/>\u001b[39m\n                  \u001b[36m<span\u001b[39m\n                    \u001b[33mstyle\u001b[39m=\u001b[32m\"color: rgb(19, 34, 54);\"\u001b[39m\n                  \u001b[36m>\u001b[39m\n                    \u001b[0mJazz\u001b[0m\n                  \u001b[36m</span>\u001b[39m\n                \u001b[36m</label>\u001b[39m\n                \u001b[36m<label\u001b[39m\n                  \u001b[33mstyle\u001b[39m=\u001b[32m\"display: flex; align-items: center; gap: 8px; cursor: pointer;\"\u001b[39m\n                \u001b[36m>\u001b[39m\n                  \u001b[36m<input\u001b[39m\n                    \u001b[33mstyle\u001b[39m=\u001b[32m\"width: 16px; min-width: auto; cursor: pointer;\"\u001b[39m\n                    \u001b[33mtype\u001b[39m=\u001b[32m\"checkbox\"\u001b[39m\n                  \u001b[36m/>\u001b[39m\n                  \u001b[36m<span\u001b[39m\n                    \u001b[33mstyle\u001b[39m=\u001b[32m\"color: rgb(19, 34, 54);\"\u001b[39m\n                  \u001b[36m>\u001b[39m\n                    \u001b[0mRock\u001b[0m\n                  \u001b[36m</span>\u001b[39m\n                \u001b[36m</label>\u001b[39m\n              \u001b[36m</div>\u001b[39m\n            \u001b[36m</details>\u001b[39m\n          \u001b[36m</div>\u001b[39m\n          \u001b[36m<div\u001b[39m\n            \u001b[33mclass\u001b[39m=\u001b[32m\"filterGroup\"\u001b[39m\n            \u001b[33mstyle\u001b[39m=\u001b[32m\"position: relative; min-width: 150px; width: 150px;\"\u001b[39m\n          \u001b[36m>\u001b[39m\n            \u001b[36m<details\u001b[39m\n              \u001b[33mstyle\u001b[39m=\u001b[32m\"width: 100%;\"\u001b[39m\n            \u001b[36m>\u001b[39m\n              \u001b[36m<summary\u001b[39m\n                \u001b[33maria-label\u001b[39m=\u001b[32m\"Zip code\"\u001b[39m\n                \u001b[33mstyle\u001b[39m=\u001b[32m\"display: flex; justify-content: space-between; align-items: center; background: rgb(255, 255, 255); color: rgb(19, 34, 54); border: 1px solid rgb(157, 181, 206); border-radius: 6px; padding: 0.5rem; cursor: pointer; font-weight: bold; list-style: none; width: 100%; box-sizing: border-box;\"\u001b[39m\n              \u001b[36m>\u001b[39m\n                \u001b[36m<span>\u001b[39m\n                  \u001b[0mZip Codes \u001b[0m\n                \u001b[36m</span>\u001b[39m\n                \u001b[36m<span\u001b[39m\n                  \u001b[33mstyle\u001b[39m=\u001b[32m\"font-size: 0.75rem;\"\u001b[39m\n                \u001b[36m>\u001b[39m\n                  \u001b[0m▼\u001b[0m\n                \u001b[36m</span>\u001b[39m\n              \u001b[36m</summary>\u001b[39m\n              \u001b[36m<div\u001b[39m\n                \u001b[33mstyle\u001b[39m=\u001b[32m\"positi...\n    at Object.getElementError (/home/gabe/Documents/School/CSS_360/TheProject/frontend/node_modules/@testing-library/dom/dist/config.js:37:19)\n    at getAllByLabelText (/home/gabe/Documents/School/CSS_360/TheProject/frontend/node_modules/@testing-library/dom/dist/queries/label-text.js:111:38)\n    at /home/gabe/Documents/School/CSS_360/TheProject/frontend/node_modules/@testing-library/dom/dist/query-helpers.js:52:17\n    at /home/gabe/Documents/School/CSS_360/TheProject/frontend/node_modules/@testing-library/dom/dist/query-helpers.js:95:19\n    at /home/gabe/Documents/School/CSS_360/TheProject/frontend/src/tests/App.test.jsx:111:19\n    at file:///home/gabe/Documents/School/CSS_360/TheProject/frontend/node_modules/@vitest/runner/dist/index.js:146:14\n    at file:///home/gabe/Documents/School/CSS_360/TheProject/frontend/node_modules/@vitest/runner/dist/index.js:533:11\n    at runWithTimeout (file:///home/gabe/Documents/School/CSS_360/TheProject/frontend/node_modules/@vitest/runner/dist/index.js:39:7)\n    at runTest (file:///home/gabe/Documents/School/CSS_360/TheProject/frontend/node_modules/@vitest/runner/dist/index.js:1056:17)\n    at runSuite (file:///home/gabe/Documents/School/CSS_360/TheProject/frontend/node_modules/@vitest/runner/dist/index.js:1205:15)"],"meta":{}},{"ancestorTitles":["Sprint 1 interface behavior"],"fullName":"Sprint 1 interface behavior zip code dropdown shows placeholder when nothing is selected","status":"failed","title":"zip code dropdown shows placeholder when nothing is selected","duration":10.87650399999984,"failureMessages":["TestingLibraryElementError: Unable to find an element with the text: All zip codes. This could be because the text is broken up by multiple elements. In this case, you can provide a function for your text matcher to make your matcher more flexible.\n\nIgnored nodes: comments, script, style\n\u001b[36m<body>\u001b[39m\n  \u001b[36m<div>\u001b[39m\n    \u001b[36m<div\u001b[39m\n      \u001b[33mclass\u001b[39m=\u001b[32m\"app-shell\"\u001b[39m\n    \u001b[36m>\u001b[39m\n      \u001b[36m<header>\u001b[39m\n        \u001b[36m<h1>\u001b[39m\n          \u001b[0mLocal Live\u001b[0m\n        \u001b[36m</h1>\u001b[39m\n        \u001b[36m<p\u001b[39m\n          \u001b[33mclass\u001b[39m=\u001b[32m\"subtitle\"\u001b[39m\n        \u001b[36m>\u001b[39m\n          \u001b[0mFind nearby concerts happening soon.\u001b[0m\n        \u001b[36m</p>\u001b[39m\n      \u001b[36m</header>\u001b[39m\n      \u001b[36m<section\u001b[39m\n        \u001b[33maria-label\u001b[39m=\u001b[32m\"Search and filter controls\"\u001b[39m\n        \u001b[33mclass\u001b[39m=\u001b[32m\"controls\"\u001b[39m\n      \u001b[36m>\u001b[39m\n        \u001b[36m<label\u001b[39m\n          \u001b[33mfor\u001b[39m=\u001b[32m\"search\"\u001b[39m\n        \u001b[36m>\u001b[39m\n          \u001b[0mSearch concerts\u001b[0m\n        \u001b[36m</label>\u001b[39m\n        \u001b[36m<div\u001b[39m\n          \u001b[33mclass\u001b[39m=\u001b[32m\"search-row\"\u001b[39m\n        \u001b[36m>\u001b[39m\n          \u001b[36m<input\u001b[39m\n            \u001b[33mid\u001b[39m=\u001b[32m\"search\"\u001b[39m\n            \u001b[33mname\u001b[39m=\u001b[32m\"search\"\u001b[39m\n            \u001b[33mplaceholder\u001b[39m=\u001b[32m\"Search name, city, venue, or genre\"\u001b[39m\n            \u001b[33mtype\u001b[39m=\u001b[32m\"text\"\u001b[39m\n            \u001b[33mvalue\u001b[39m=\u001b[32m\"\"\u001b[39m\n          \u001b[36m/>\u001b[39m\n        \u001b[36m</div>\u001b[39m\n        \u001b[36m<div\u001b[39m\n          \u001b[33mclass\u001b[39m=\u001b[32m\"filterRow\"\u001b[39m\n        \u001b[36m>\u001b[39m\n          \u001b[36m<div\u001b[39m\n            \u001b[33mclass\u001b[39m=\u001b[32m\"filterGroup\"\u001b[39m\n            \u001b[33mstyle\u001b[39m=\u001b[32m\"position: relative; min-width: 150px;\"\u001b[39m\n          \u001b[36m>\u001b[39m\n            \u001b[36m<details\u001b[39m\n              \u001b[33mstyle\u001b[39m=\u001b[32m\"width: 100%;\"\u001b[39m\n            \u001b[36m>\u001b[39m\n              \u001b[36m<summary\u001b[39m\n                \u001b[33mstyle\u001b[39m=\u001b[32m\"display: flex; justify-content: space-between; align-items: center; background: rgb(255, 255, 255); color: rgb(19, 34, 54); border: 1px solid rgb(157, 181, 206); border-radius: 6px; padding: 0.5rem; cursor: pointer; font-weight: bold; list-style: none;\"\u001b[39m\n              \u001b[36m>\u001b[39m\n                \u001b[36m<span>\u001b[39m\n                  \u001b[0mGenres \u001b[0m\n                \u001b[36m</span>\u001b[39m\n                \u001b[36m<span\u001b[39m\n                  \u001b[33mstyle\u001b[39m=\u001b[32m\"font-size: 0.75rem;\"\u001b[39m\n                \u001b[36m>\u001b[39m\n                  \u001b[0m▼\u001b[0m\n                \u001b[36m</span>\u001b[39m\n              \u001b[36m</summary>\u001b[39m\n              \u001b[36m<div\u001b[39m\n                \u001b[33mstyle\u001b[39m=\u001b[32m\"position: absolute; top: 38px; left: 0px; z-index: 10; background: rgb(255, 255, 255); border: 1px solid rgb(157, 181, 206); border-radius: 6px; box-shadow: 0px 4px 8px rgba(0,0,0,0.1); padding: 8px; display: flex; flex-direction: column; gap: 6px; max-height: 180px; overflow-y: auto; width: 100%; box-sizing: border-box;\"\u001b[39m\n              \u001b[36m>\u001b[39m\n                \u001b[36m<label\u001b[39m\n                  \u001b[33mstyle\u001b[39m=\u001b[32m\"display: flex; align-items: center; gap: 8px; cursor: pointer;\"\u001b[39m\n                \u001b[36m>\u001b[39m\n                  \u001b[36m<input\u001b[39m\n                    \u001b[33mstyle\u001b[39m=\u001b[32m\"width: 16px; min-width: auto; cursor: pointer;\"\u001b[39m\n                    \u001b[33mtype\u001b[39m=\u001b[32m\"checkbox\"\u001b[39m\n                  \u001b[36m/>\u001b[39m\n                  \u001b[36m<span\u001b[39m\n                    \u001b[33mstyle\u001b[39m=\u001b[32m\"color: rgb(19, 34, 54);\"\u001b[39m\n                  \u001b[36m>\u001b[39m\n                    \u001b[0mElectronic\u001b[0m\n                  \u001b[36m</span>\u001b[39m\n                \u001b[36m</label>\u001b[39m\n                \u001b[36m<label\u001b[39m\n                  \u001b[33mstyle\u001b[39m=\u001b[32m\"display: flex; align-items: center; gap: 8px; cursor: pointer;\"\u001b[39m\n                \u001b[36m>\u001b[39m\n                  \u001b[36m<input\u001b[39m\n                    \u001b[33mstyle\u001b[39m=\u001b[32m\"width: 16px; min-width: auto; cursor: pointer;\"\u001b[39m\n                    \u001b[33mtype\u001b[39m=\u001b[32m\"checkbox\"\u001b[39m\n                  \u001b[36m/>\u001b[39m\n                  \u001b[36m<span\u001b[39m\n                    \u001b[33mstyle\u001b[39m=\u001b[32m\"color: rgb(19, 34, 54);\"\u001b[39m\n                  \u001b[36m>\u001b[39m\n                    \u001b[0mFolk\u001b[0m\n                  \u001b[36m</span>\u001b[39m\n                \u001b[36m</label>\u001b[39m\n                \u001b[36m<label\u001b[39m\n                  \u001b[33mstyle\u001b[39m=\u001b[32m\"display: flex; align-items: center; gap: 8px; cursor: pointer;\"\u001b[39m\n                \u001b[36m>\u001b[39m\n                  \u001b[36m<input\u001b[39m\n                    \u001b[33mstyle\u001b[39m=\u001b[32m\"width: 16px; min-width: auto; cursor: pointer;\"\u001b[39m\n                    \u001b[33mtype\u001b[39m=\u001b[32m\"checkbox\"\u001b[39m\n                  \u001b[36m/>\u001b[39m\n                  \u001b[36m<span\u001b[39m\n                    \u001b[33mstyle\u001b[39m=\u001b[32m\"color: rgb(19, 34, 54);\"\u001b[39m\n                  \u001b[36m>\u001b[39m\n                    \u001b[0mIndie\u001b[0m\n                  \u001b[36m</span>\u001b[39m\n                \u001b[36m</label>\u001b[39m\n                \u001b[36m<label\u001b[39m\n                  \u001b[33mstyle\u001b[39m=\u001b[32m\"display: flex; align-items: center; gap: 8px; cursor: pointer;\"\u001b[39m\n                \u001b[36m>\u001b[39m\n                  \u001b[36m<input\u001b[39m\n                    \u001b[33mstyle\u001b[39m=\u001b[32m\"width: 16px; min-width: auto; cursor: pointer;\"\u001b[39m\n                    \u001b[33mtype\u001b[39m=\u001b[32m\"checkbox\"\u001b[39m\n                  \u001b[36m/>\u001b[39m\n                  \u001b[36m<span\u001b[39m\n                    \u001b[33mstyle\u001b[39m=\u001b[32m\"color: rgb(19, 34, 54);\"\u001b[39m\n                  \u001b[36m>\u001b[39m\n                    \u001b[0mJazz\u001b[0m\n                  \u001b[36m</span>\u001b[39m\n                \u001b[36m</label>\u001b[39m\n                \u001b[36m<label\u001b[39m\n                  \u001b[33mstyle\u001b[39m=\u001b[32m\"display: flex; align-items: center; gap: 8px; cursor: pointer;\"\u001b[39m\n                \u001b[36m>\u001b[39m\n                  \u001b[36m<input\u001b[39m\n                    \u001b[33mstyle\u001b[39m=\u001b[32m\"width: 16px; min-width: auto; cursor: pointer;\"\u001b[39m\n                    \u001b[33mtype\u001b[39m=\u001b[32m\"checkbox\"\u001b[39m\n                  \u001b[36m/>\u001b[39m\n                  \u001b[36m<span\u001b[39m\n                    \u001b[33mstyle\u001b[39m=\u001b[32m\"color: rgb(19, 34, 54);\"\u001b[39m\n                  \u001b[36m>\u001b[39m\n                    \u001b[0mRock\u001b[0m\n                  \u001b[36m</span>\u001b[39m\n                \u001b[36m</label>\u001b[39m\n              \u001b[36m</div>\u001b[39m\n            \u001b[36m</details>\u001b[39m\n          \u001b[36m</div>\u001b[39m\n          \u001b[36m<div\u001b[39m\n            \u001b[33mclass\u001b[39m=\u001b[32m\"filterGroup\"\u001b[39m\n            \u001b[33mstyle\u001b[39m=\u001b[32m\"position: relative; min-width: 150px; width: 150px;\"\u001b[39m\n          \u001b[36m>\u001b[39m\n            \u001b[36m<details\u001b[39m\n              \u001b[33mstyle\u001b[39m=\u001b[32m\"width: 100%;\"\u001b[39m\n            \u001b[36m>\u001b[39m\n              \u001b[36m<summary\u001b[39m\n                \u001b[33maria-label\u001b[39m=\u001b[32m\"Zip code\"\u001b[39m\n                \u001b[33mstyle\u001b[39m=\u001b[32m\"display: flex; justify-content: space-between; align-items: center; background: rgb(255, 255, 255); color: rgb(19, 34, 54); border: 1px solid rgb(157, 181, 206); border-radius: 6px; padding: 0.5rem; cursor: pointer; font-weight: bold; list-style: none; width: 100%; box-sizing: border-box;\"\u001b[39m\n              \u001b[36m>\u001b[39m\n                \u001b[36m<span>\u001b[39m\n                  \u001b[0mZip Codes \u001b[0m\n                \u001b[36m</span>\u001b[39m\n                \u001b[36m<span\u001b[39m\n                  \u001b[33mstyle\u001b[39m=\u001b[32m\"font-size: 0.75rem;\"\u001b[39m\n                \u001b[36m>\u001b[39m\n                  \u001b[0m▼\u001b[0m\n                \u001b[36m</span>\u001b[39m\n              \u001b[36m</summary>\u001b[39m\n              \u001b[36m<div\u001b[39m\n                \u001b[33mstyle\u001b[39m=\u001b[32m\"positi...\n    at Object.getElementError (/home/gabe/Documents/School/CSS_360/TheProject/frontend/node_modules/@testing-library/dom/dist/config.js:37:19)\n    at /home/gabe/Documents/School/CSS_360/TheProject/frontend/node_modules/@testing-library/dom/dist/query-helpers.js:76:38\n    at /home/gabe/Documents/School/CSS_360/TheProject/frontend/node_modules/@testing-library/dom/dist/query-helpers.js:52:17\n    at /home/gabe/Documents/School/CSS_360/TheProject/frontend/node_modules/@testing-library/dom/dist/query-helpers.js:95:19\n    at /home/gabe/Documents/School/CSS_360/TheProject/frontend/src/tests/App.test.jsx:118:19\n    at file:///home/gabe/Documents/School/CSS_360/TheProject/frontend/node_modules/@vitest/runner/dist/index.js:146:14\n    at file:///home/gabe/Documents/School/CSS_360/TheProject/frontend/node_modules/@vitest/runner/dist/index.js:533:11\n    at runWithTimeout (file:///home/gabe/Documents/School/CSS_360/TheProject/frontend/node_modules/@vitest/runner/dist/index.js:39:7)\n    at runTest (file:///home/gabe/Documents/School/CSS_360/TheProject/frontend/node_modules/@vitest/runner/dist/index.js:1056:17)\n    at runSuite (file:///home/gabe/Documents/School/CSS_360/TheProject/frontend/node_modules/@vitest/runner/dist/index.js:1205:15)"],"meta":{}},{"ancestorTitles":["Sprint 1 interface behavior"],"fullName":"Sprint 1 interface behavior selecting a zip code filters the concert list","status":"passed","title":"selecting a zip code filters the concert list","duration":35.308907999999974,"failureMessages":[],"meta":{}},{"ancestorTitles":["Sprint 1 interface behavior"],"fullName":"Sprint 1 interface behavior Reset Filters clears the zip code dropdown","status":"failed","title":"Reset Filters clears the zip code dropdown","duration":124.08407899999997,"failureMessages":["TestingLibraryElementError: Unable to find an accessible element with the role \"button\" and name `/reset filters/i`\n\nHere are the accessible roles:\n\n  banner:\n\n  Name \"\":\n  \u001b[36m<header />\u001b[39m\n\n  --------------------------------------------------\n  heading:\n\n  Name \"Local Live\":\n  \u001b[36m<h1 />\u001b[39m\n\n  Name \"Upcoming Concerts\":\n  \u001b[36m<h2 />\u001b[39m\n\n  Name \"Northside Noise Fest\":\n  \u001b[36m<h3 />\u001b[39m\n\n  Name \"Concert Calendar\":\n  \u001b[36m<h2 />\u001b[39m\n\n  --------------------------------------------------\n  paragraph:\n\n  Name \"\":\n  \u001b[36m<p\u001b[39m\n    \u001b[33mclass\u001b[39m=\u001b[32m\"subtitle\"\u001b[39m\n  \u001b[36m/>\u001b[39m\n\n  Name \"\":\n  \u001b[36m<p />\u001b[39m\n\n  Name \"\":\n  \u001b[36m<p />\u001b[39m\n\n  --------------------------------------------------\n  region:\n\n  Name \"Search and filter controls\":\n  \u001b[36m<section\u001b[39m\n    \u001b[33maria-label\u001b[39m=\u001b[32m\"Search and filter controls\"\u001b[39m\n    \u001b[33mclass\u001b[39m=\u001b[32m\"controls\"\u001b[39m\n  \u001b[36m/>\u001b[39m\n\n  Name \"View toggle\":\n  \u001b[36m<section\u001b[39m\n    \u001b[33maria-label\u001b[39m=\u001b[32m\"View toggle\"\u001b[39m\n    \u001b[33mclass\u001b[39m=\u001b[32m\"view-toggle\"\u001b[39m\n  \u001b[36m/>\u001b[39m\n\n  Name \"Upcoming concerts section\":\n  \u001b[36m<section\u001b[39m\n    \u001b[33maria-label\u001b[39m=\u001b[32m\"Upcoming concerts section\"\u001b[39m\n  \u001b[36m/>\u001b[39m\n\n  Name \"Concert calendar section\":\n  \u001b[36m<section\u001b[39m\n    \u001b[33maria-label\u001b[39m=\u001b[32m\"Concert calendar section\"\u001b[39m\n    \u001b[33mclass\u001b[39m=\u001b[32m\"calendar\"\u001b[39m\n  \u001b[36m/>\u001b[39m\n\n  --------------------------------------------------\n  textbox:\n\n  Name \"Search concerts\":\n  \u001b[36m<input\u001b[39m\n    \u001b[33mid\u001b[39m=\u001b[32m\"search\"\u001b[39m\n    \u001b[33mname\u001b[39m=\u001b[32m\"search\"\u001b[39m\n    \u001b[33mplaceholder\u001b[39m=\u001b[32m\"Search name, city, venue, or genre\"\u001b[39m\n    \u001b[33mtype\u001b[39m=\u001b[32m\"text\"\u001b[39m\n    \u001b[33mvalue\u001b[39m=\u001b[32m\"\"\u001b[39m\n  \u001b[36m/>\u001b[39m\n\n  Name \"\":\n  \u001b[36m<input\u001b[39m\n    \u001b[33mplaceholder\u001b[39m=\u001b[32m\"Type to filter...\"\u001b[39m\n    \u001b[33mstyle\u001b[39m=\u001b[32m\"padding: 4px 6px; border: 1px solid rgb(157, 181, 206); border-radius: 4px; font-size: 0.85rem; margin-bottom: 4px; box-sizing: border-box; width: 150px !important; max-width: 150px !important; min-width: 150px;\"\u001b[39m\n    \u001b[33mtype\u001b[39m=\u001b[32m\"text\"\u001b[39m\n    \u001b[33mvalue\u001b[39m=\u001b[32m\"\"\u001b[39m\n  \u001b[36m/>\u001b[39m\n\n  --------------------------------------------------\n  group:\n\n  Name \"\":\n  \u001b[36m<details\u001b[39m\n    \u001b[33mstyle\u001b[39m=\u001b[32m\"width: 100%;\"\u001b[39m\n  \u001b[36m/>\u001b[39m\n\n  Name \"\":\n  \u001b[36m<details\u001b[39m\n    \u001b[33mopen\u001b[39m=\u001b[32m\"\"\u001b[39m\n    \u001b[33mstyle\u001b[39m=\u001b[32m\"width: 100%;\"\u001b[39m\n  \u001b[36m/>\u001b[39m\n\n  Name \"\":\n  \u001b[36m<details\u001b[39m\n    \u001b[33mstyle\u001b[39m=\u001b[32m\"width: 100%;\"\u001b[39m\n  \u001b[36m/>\u001b[39m\n\n  Name \"\":\n  \u001b[36m<details\u001b[39m\n    \u001b[33mstyle\u001b[39m=\u001b[32m\"width: 100%;\"\u001b[39m\n  \u001b[36m/>\u001b[39m\n\n  Name \"\":\n  \u001b[36m<details\u001b[39m\n    \u001b[33mstyle\u001b[39m=\u001b[32m\"width: 100%;\"\u001b[39m\n  \u001b[36m/>\u001b[39m\n\n  --------------------------------------------------\n  checkbox:\n\n  Name \"Electronic\":\n  \u001b[36m<input\u001b[39m\n    \u001b[33mstyle\u001b[39m=\u001b[32m\"width: 16px; min-width: auto; cursor: pointer;\"\u001b[39m\n    \u001b[33mtype\u001b[39m=\u001b[32m\"checkbox\"\u001b[39m\n  \u001b[36m/>\u001b[39m\n\n  Name \"Folk\":\n  \u001b[36m<input\u001b[39m\n    \u001b[33mstyle\u001b[39m=\u001b[32m\"width: 16px; min-width: auto; cursor: pointer;\"\u001b[39m\n    \u001b[33mtype\u001b[39m=\u001b[32m\"checkbox\"\u001b[39m\n  \u001b[36m/>\u001b[39m\n\n  Name \"Indie\":\n  \u001b[36m<input\u001b[39m\n    \u001b[33mstyle\u001b[39m=\u001b[32m\"width: 16px; min-width: auto; cursor: pointer;\"\u001b[39m\n    \u001b[33mtype\u001b[39m=\u001b[32m\"checkbox\"\u001b[39m\n  \u001b[36m/>\u001b[39m\n\n  Name \"Jazz\":\n  \u001b[36m<input\u001b[39m\n    \u001b[33mstyle\u001b[39m=\u001b[32m\"width: 16px; min-width: auto; cursor: pointer;\"\u001b[39m\n    \u001b[33mtype\u001b[39m=\u001b[32m\"checkbox\"\u001b[39m\n  \u001b[36m/>\u001b[39m\n\n  Name \"Rock\":\n  \u001b[36m<input\u001b[39m\n    \u001b[33mstyle\u001b[39m=\u001b[32m\"width: 16px; min-width: auto; cursor: pointer;\"\u001b[39m\n    \u001b[33mtype\u001b[39m=\u001b[32m\"checkbox\"\u001b[39m\n  \u001b[36m/>\u001b[39m\n\n  Name \"98004\":\n  \u001b[36m<input\u001b[39m\n    \u001b[33mstyle\u001b[39m=\u001b[32m\"width: 16px; min-width: auto; cursor: pointer;\"\u001b[39m\n    \u001b[33mtype\u001b[39m=\u001b[32m\"checkbox\"\u001b[39m\n  \u001b[36m/>\u001b[39m\n\n  Name \"98052\":\n  \u001b[36m<input\u001b[39m\n    \u001b[33mstyle\u001b[39m=\u001b[32m\"width: 16px; min-width: auto; cursor: pointer;\"\u001b[39m\n    \u001b[33mtype\u001b[39m=\u001b[32m\"checkbox\"\u001b[39m\n  \u001b[36m/>\u001b[39m\n\n  Name \"98101\":\n  \u001b[36m<input\u001b[39m\n    \u001b[33mstyle\u001b[39m=\u001b[32m\"width: 16px; min-width: auto; cursor: pointer;\"\u001b[39m\n    \u001b[33mtype\u001b[39m=\u001b[32m\"checkbox\"\u001b[39m\n  \u001b[36m/>\u001b[39m\n\n  Name \"98103\":\n  \u001b[36m<input\u001b[39m\n    \u001b[33mstyle\u001b[39m=\u001b[32m\"width: 16px; min-width: auto; cursor: pointer;\"\u001b[39m\n    \u001b[33mtype\u001b[39m=\u001b[32m\"checkbox\"\u001b[39m\n  \u001b[36m/>\u001b[39m\n\n  Name \"98402\":\n  \u001b[36m<input\u001b[39m\n    \u001b[33mstyle\u001b[39m=\u001b[32m\"width: 16px; min-width: auto; cursor: pointer;\"\u001b[39m\n    \u001b[33mtype\u001b[39m=\u001b[32m\"checkbox\"\u001b[39m\n  \u001b[36m/>\u001b[39m\n\n  Name \"$0 - $49\":\n  \u001b[36m<input\u001b[39m\n    \u001b[33mid\u001b[39m=\u001b[32m\"price-0-49\"\u001b[39m\n    \u001b[33mstyle\u001b[39m=\u001b[32m\"width: 16px; min-width: auto; cursor: pointer;\"\u001b[39m\n    \u001b[33mtype\u001b[39m=\u001b[32m\"checkbox\"\u001b[39m\n  \u001b[36m/>\u001b[39m\n\n  Name \"$50 - $99\":\n  \u001b[36m<input\u001b[39m\n    \u001b[33mid\u001b[39m=\u001b[32m\"price-50-99\"\u001b[39m\n    \u001b[33mstyle\u001b[39m=\u001b[32m\"width: 16px; min-width: auto; cursor: pointer;\"\u001b[39m\n    \u001b[33mtype\u001b[39m=\u001b[32m\"checkbox\"\u001b[39m\n  \u001b[36m/>\u001b[39m\n\n  Name \"$100 - $199\":\n  \u001b[36m<input\u001b[39m\n    \u001b[33mid\u001b[39m=\u001b[32m\"price-100-199\"\u001b[39m\n    \u001b[33mstyle\u001b[39m=\u001b[32m\"width: 16px; min-width: auto; cursor: pointer;\"\u001b[39m\n    \u001b[33mtype\u001b[39m=\u001b[32m\"checkbox\"\u001b[39m\n  \u001b[36m/>\u001b[39m\n\n  Name \"$200+\":\n  \u001b[36m<input\u001b[39m\n    \u001b[33mid\u001b[39m=\u001b[32m\"price-geq200\"\u001b[39m\n    \u001b[33mstyle\u001b[39m=\u001b[32m\"width: 16px; min-width: auto; cursor: pointer;\"\u001b[39m\n    \u001b[33mtype\u001b[39m=\u001b[32m\"checkbox\"\u001b[39m\n  \u001b[36m/>\u001b[39m\n\n  Name \"ADA Compliant\":\n  \u001b[36m<input\u001b[39m\n    \u001b[33mid\u001b[39m=\u001b[32m\"ada-checkbox\"\u001b[39m\n    \u001b[33mstyle\u001b[39m=\u001b[32m\"width: 16px; min-width: auto; cursor: pointer;\"\u001b[39m\n    \u001b[33mtype\u001b[39m=\u001b[32m\"checkbox\"\u001b[39m\n  \u001b[36m/>\u001b[39m\n\n  --------------------------------------------------\n  button:\n\n  Name \"Soonest first ✓\":\n  \u001b[36m<button\u001b[39m\n    \u001b[33mstyle\u001b[39m=\u001b[32m\"text-align: left; padding: 6px 8px; background: rgb(238, 245, 252); color: rgb(19, 34, 54); border-radius: 4px; cursor: pointer; font-weight: bold; width: 100%;\"\u001b[39m\n    \u001b[33mtype\u001b[39m=\u001b[32m\"button\"\u001b[39m\n  \u001b[36m/>\u001b[39m\n\n  Name \"Latest first\":\n  \u001b[36m<button\u001b[39m\n    \u001b[33mstyle\u001b[39m=\u001b[32m\"text-align: left; padding: 6px 8px; background: transparent; color: rgb(19, 34, 54); border-radius: 4px; cursor: pointer; font-weight: normal; width: 100%;\"\u001b[39m\n    \u001b[33mtype\u001b[39m=\u001b[32m\"button\"\u001b[39m\n  \u001b[36m/>\u001b[39m\n\n  Name \"Price - Low to High\":\n  \u001b[36m<button\u001b[39m\n    \u001b[33mstyle\u001b[39m=\u001b[32m\"text-align: left; padding: 6px 8px; background: transparent; color: rgb(19, 34, 54); border-radius: 4px; cursor: pointer; font-weight: normal; width: 100%;\"\u001b[39m\n    \u001b[33mtype\u001b[39m=\u001b[32m\"button\"\u001b[39m\n  \u001b[36m/>\u001b[39m\n\n  Name \"Price - High to Low\":\n  \u001b[36m<button\u001b[39m\n    \u001b[33mstyle\u001b[39m=\u001b[32m\"text-align: left; padding: 6px 8px; background: transparent; color: rgb(19, 34, 54); border-radius: 4px; cursor: pointer; font-weight: normal; width: 100%;\"\u001b[39m\n    \u001b[33mtype\u001b[39m=\u001b[32m\"button\"\u001b[39m\n  \u001b[36m/>\u001b[39m\n\n  Name \"All concerts\":\n  \u001b[36m<button\u001b[39m\n    \u001b[33maria-pressed\u001b[39m=\u001b[32m\"true\"\u001b[39m\n    \u001b[33mclass\u001b[39m=\u001b[32m\"view-tab active\"\u001b[39m\n    \u001b[33mtype\u001b[39m=\u001b[32m\"button\"\u001b[39m\n  \u001b[36m/>\u001b[39m\n\n  Name \"★ Favorites (0)\":\n  \u001b[36m<button\u001b[39m\n    \u001b[33maria-pressed\u001b[39m=\u001b[32m\"false\"\u001b[39m\n    \u001b[33mclass\u001b[39m=\u001b[32m\"view-tab\"\u001b[39m\n    \u001b[33mtype\u001b[39m=\u001b[32m\"button\"\u001b[39m\n  \u001b[36m/>\u001b[39m\n\n  Name \"Favorite Northside Noise Fest\":\n  \u001b[36m<button\u001b[39m\n    \u001b[33maria-label\u001b[39m=\u001b[32m\"Favorite Northside Noise Fest\"\u001b[39m\n    \u001b[33maria-pressed\u001b[39m=\u001b[32m\"false\"\u001b[39m\n    \u001b[33mclass\u001b[39m=\u001b[32m\"favorite-button\"\u001b[39m\n    \u001b[33mtitle\u001b[39m=\u001b[32m\"Add to favorites\"\u001b[39m\n    \u001b[33mtype\u001b[39m=\u001b[32m\"button\"\u001b[39m\n  \u001b[36m/>\u001b[39m\n\n  --------------------------------------------------\n  main:\n\n  Name \"\":\n  \u001b[36m<main />\u001b[39m\n\n  --------------------------------------------------\n  list:\n\n  Name \"\":\n  \u001b[36m<ul\u001b[39m\n    \u001b[33mclass\u001b[39m=\u001b[32m\"concert-list\"\u001b[39m\n  \u001b[36m/>\u001b[39m\n\n  Name \"Concert calendar\":\n  \u001b[36m<ul\u001b[39m\n    \u001b[33maria-label\u001b[39m=\u001b[32m\"Concert calendar\"\u001b[39m\n  \u001b[36m/>\u001b[39m\n\n  Name \"\":\n  \u001b[36m<ul />\u001b[39m\n\n  --------------------------------------------------\n  listitem:\n\n  Name \"\":\n  \u001b[36m<li\u001b[39m\n    \u001b[33mclass\u001b[39m=\u001b[32m\"concert-card\"\u001b[39m\n  \u001b[36m/>\u001b[39m\n\n  Name \"\":\n  \u001b[36m<li />\u001b[39m\n\n  Name \"\":\n  \u001b[36m<li />\u001b[39m\n\n  --------------------------------------------------\n  link:\n\n  Name \"Ticket Link\":\n  \u001b[36m<a\u001b[39m\n    \u001b[33mhref\u001b[39m=\u001b[32m\"https://tickets.example.com/northside\"\u001b[39m\n  \u001b[36m/>\u001b[39m\n\n  --------------------------------------------------\n  strong:\n\n  Name \"\":\n  \u001b[36m<strong />\u001b[39m\n\n  --------------------------------------------------\n\nIgnored nodes: comments, script, style\n\u001b[36m<body>\u001b[39m\n  \u001b[36m<div>\u001b[39m\n    \u001b[36m<div\u001b[39m\n      \u001b[33mclass\u001b[39m=\u001b[32m\"app-shell\"\u001b[39m\n    \u001b[36m>\u001b[39m\n      \u001b[36m<header>\u001b[39m\n        \u001b[36m<h1>\u001b[39m\n          \u001b[0mLocal Live\u001b[0m\n        \u001b[36m</h1>\u001b[39m\n        \u001b[36m<p\u001b[39m\n          \u001b[33mclass\u001b[39m=\u001b[32m\"subtitle\"\u001b[39m\n        \u001b[36m>\u001b[39m\n          \u001b[0mFind nearby concerts happening soon.\u001b[0m\n        \u001b[36m</p>\u001b[39m\n      \u001b[36m</header>\u001b[39m\n      \u001b[36m<section\u001b[39m\n        \u001b[33maria-label\u001b[39m=\u001b[32m\"Search and filter controls\"\u001b[39m\n        \u001b[33mclass\u001b[39m=\u001b[32m\"controls\"\u001b[39m\n      \u001b[36m>\u001b[39m\n        \u001b[36m<label\u001b[39m\n          \u001b[33mfor\u001b[39m=\u001b[32m\"search\"\u001b[39m\n        \u001b[36m>\u001b[39m\n          \u001b[0mSearch concerts\u001b[0m\n        \u001b[36m</label>\u001b[39m\n        \u001b[36m<div\u001b[39m\n          \u001b[33mclass\u001b[39m=\u001b[32m\"search-row\"\u001b[39m\n        \u001b[36m>\u001b[39m\n          \u001b[36m<input\u001b[39m\n            \u001b[33mid\u001b[39m=\u001b[32m\"search\"\u001b[39m\n            \u001b[33mname\u001b[39m=\u001b[32m\"search\"\u001b[39m\n            \u001b[33mplaceholder\u001b[39m=\u001b[32m\"Search name, city, venue, or genre\"\u001b[39m\n            \u001b[33mtype\u001b[39m=\u001b[32m\"text\"\u001b[39m\n            \u001b[33mvalue\u001b[39m=\u001b[32m\"\"\u001b[39m\n          \u001b[36m/>\u001b[39m\n        \u001b[36m</div>\u001b[39m\n        \u001b[36m<div\u001b[39m\n          \u001b[33mclass\u001b[39m=\u001b[32m\"filterRow\"\u001b[39m\n        \u001b[36m>\u001b[39m\n          \u001b[36m<div\u001b[39m\n            \u001b[33mclass\u001b[39m=\u001b[32m\"filterGroup\"\u001b[39m\n            \u001b[33mstyle\u001b[39m=\u001b[32m\"position: relative; min-width: 150px;\"\u001b[39m\n          \u001b[36m>\u001b[39m\n            \u001b[36m<details\u001b[39m\n              \u001b[33mstyle\u001b[39m=\u001b[32m\"width: 100%;\"\u001b[39m\n            \u001b[36m>\u001b[39m\n              \u001b[36m<summary\u001b[39m\n                \u001b[33mstyle\u001b[39m=\u001b[32m\"display: flex; justify-content: space-between; align-items: center; background: rgb(255, 255, 255); color: rgb(19, 34, 54); border: 1px solid rgb(157, 181, 206); border-radius: 6px; padding: 0.5rem; cursor: pointer; font-weight: bold; list-style: none;\"\u001b[39m\n              \u001b[36m>\u001b[39m\n                \u001b[36m<span>\u001b[39m\n                  \u001b[0mGenres \u001b[0m\n                \u001b[36m</span>\u001b[39m\n                \u001b[36m<span\u001b[39m\n                  \u001b[33mstyle\u001b[39m=\u001b[32m\"font-size: 0.75rem;\"\u001b[39m\n                \u001b[36m>\u001b[39m\n                  \u001b[0m▼\u001b[0m\n                \u001b[36m</span>\u001b[39m\n              \u001b[36m</summary>\u001b[39m\n              \u001b[36m<div\u001b[39m\n                \u001b[33mstyle\u001b[39m=\u001b[32m\"position: absolute; top: 38px; left: 0px; z-index: 10; background: rgb(255, 255, 255); border: 1px solid rgb(157, 181, 206); border-radius: 6px; box-shadow: 0px 4px 8px rgba(0,0,0,0.1); padding: 8px; display: flex; flex-direction: column; gap: 6px; max-height: 180px; overflow-y: auto; width: 100%; box-sizing: border-box;\"\u001b[39m\n              \u001b[36m>\u001b[39m\n                \u001b[36m<label\u001b[39m\n                  \u001b[33mstyle\u001b[39m=\u001b[32m\"display: flex; align-items: center; gap: 8px; cursor: pointer;\"\u001b[39m\n                \u001b[36m>\u001b[39m\n                  \u001b[36m<input\u001b[39m\n                    \u001b[33mstyle\u001b[39m=\u001b[32m\"width: 16px; min-width: auto; cursor: pointer;\"\u001b[39m\n                    \u001b[33mtype\u001b[39m=\u001b[32m\"checkbox\"\u001b[39m\n                  \u001b[36m/>\u001b[39m\n                  \u001b[36m<span\u001b[39m\n                    \u001b[33mstyle\u001b[39m=\u001b[32m\"color: rgb(19, 34, 54);\"\u001b[39m\n                  \u001b[36m>\u001b[39m\n                    \u001b[0mElectronic\u001b[0m\n                  \u001b[36m</span>\u001b[39m\n                \u001b[36m</label>\u001b[39m\n                \u001b[36m<label\u001b[39m\n                  \u001b[33mstyle\u001b[39m=\u001b[32m\"display: flex; align-items: center; gap: 8px; cursor: pointer;\"\u001b[39m\n                \u001b[36m>\u001b[39m\n                  \u001b[36m<input\u001b[39m\n                    \u001b[33mstyle\u001b[39m=\u001b[32m\"width: 16px; min-width: auto; cursor: pointer;\"\u001b[39m\n                    \u001b[33mtype\u001b[39m=\u001b[32m\"checkbox\"\u001b[39m\n                  \u001b[36m/>\u001b[39m\n                  \u001b[36m<span\u001b[39m\n                    \u001b[33mstyle\u001b[39m=\u001b[32m\"color: rgb(19, 34, 54);\"\u001b[39m\n                  \u001b[36m>\u001b[39m\n                    \u001b[0mFolk\u001b[0m\n                  \u001b[36m</span>\u001b[39m\n                \u001b[36m</label>\u001b[39m\n                \u001b[36m<label\u001b[39m\n                  \u001b[33mstyle\u001b[39m=\u001b[32m\"display: flex; align-items: center; gap: 8px; cursor: pointer;\"\u001b[39m\n                \u001b[36m>\u001b[39m\n                  \u001b[36m<input\u001b[39m\n                    \u001b[33mstyle\u001b[39m=\u001b[32m\"width: 16px; min-width: auto; cursor: pointer;\"\u001b[39m\n                    \u001b[33mtype\u001b[39m=\u001b[32m\"checkbox\"\u001b[39m\n                  \u001b[36m/>\u001b[39m\n                  \u001b[36m<span\u001b[39m\n                    \u001b[33mstyle\u001b[39m=\u001b[32m\"color: rgb(19, 34, 54);\"\u001b[39m\n                  \u001b[36m>\u001b[39m\n                    \u001b[0mIndie\u001b[0m\n                  \u001b[36m</span>\u001b[39m\n                \u001b[36m</label>\u001b[39m\n                \u001b[36m<label\u001b[39m\n                  \u001b[33mstyle\u001b[39m=\u001b[32m\"display: flex; align-items: center; gap: 8px; cursor: pointer;\"\u001b[39m\n                \u001b[36m>\u001b[39m\n                  \u001b[36m<input\u001b[39m\n                    \u001b[33mstyle\u001b[39m=\u001b[32m\"width: 16px; min-width: auto; cursor: pointer;\"\u001b[39m\n                    \u001b[33mtype\u001b[39m=\u001b[32m\"checkbox\"\u001b[39m\n                  \u001b[36m/>\u001b[39m\n                  \u001b[36m<span\u001b[39m\n                    \u001b[33mstyle\u001b[39m=\u001b[32m\"color: rgb(19, 34, 54);\"\u001b[39m\n                  \u001b[36m>\u001b[39m\n                    \u001b[0mJazz\u001b[0m\n                  \u001b[36m</span>\u001b[39m\n                \u001b[36m</label>\u001b[39m\n                \u001b[36m<label\u001b[39m\n                  \u001b[33mstyle\u001b[39m=\u001b[32m\"display: flex; align-items: center; gap: 8px; cursor: pointer;\"\u001b[39m\n                \u001b[36m>\u001b[39m\n                  \u001b[36m<input\u001b[39m\n                    \u001b[33mstyle\u001b[39m=\u001b[32m\"width: 16px; min-width: auto; cursor: pointer;\"\u001b[39m\n                    \u001b[33mtype\u001b[39m=\u001b[32m\"checkbox\"\u001b[39m\n                  \u001b[36m/>\u001b[39m\n                  \u001b[36m<span\u001b[39m\n                    \u001b[33mstyle\u001b[39m=\u001b[32m\"color: rgb(19, 34, 54);\"\u001b[39m\n                  \u001b[36m>\u001b[39m\n                    \u001b[0mRock\u001b[0m\n                  \u001b[36m</span>\u001b[39m\n                \u001b[36m</label>\u001b[39m\n              \u001b[36m</div>\u001b[39m\n            \u001b[36m</details>\u001b[39m\n          \u001b[36m</div>\u001b[39m\n          \u001b[36m<div\u001b[39m\n            \u001b[33mclass\u001b[39m=\u001b[32m\"filterGroup\"\u001b[39m\n            \u001b[33mstyle\u001b[39m=\u001b[32m\"position: relative; min-width: 150px; width: 150px;\"\u001b[39m\n          \u001b[36m>\u001b[39m\n            \u001b[36m<details\u001b[39m\n              \u001b[33mopen\u001b[39m=\u001b[32m\"\"\u001b[39m\n              \u001b[33mstyle\u001b[39m=\u001b[32m\"width: 100%;\"\u001b[39m\n            \u001b[36m>\u001b[39m\n              \u001b[36m<summary\u001b[39m\n                \u001b[33maria-label\u001b[39m=\u001b[32m\"Zip code\"\u001b[39m\n                \u001b[33mstyle\u001b[39m=\u001b[32m\"display: flex; justify-content: space-between; align-items: center; background: rgb(255, 255, 255); color: rgb(19, 34, 54); border: 1px solid rgb(157, 181, 206); border-radius: 6px; padding: 0.5rem; cursor: pointer; font-weight: bold; list-style: none; width: 100%; box-sizing: border-box;\"\u001b[39m\n              \u001b[36m>\u001b[39m\n                \u001b[36m<span>\u001b[39m\n                  \u001b[0mZip Codes \u001b[0m\n                  \u001b[0m(1)\u001b[0m\n                \u001b[36m</span>\u001b[39m\n                \u001b[36m<span\u001b[39m\n                  \u001b[33mstyle\u001b[39m=\u001b[32m\"font-size: 0.75rem;\"\u001b[39m\n                \u001b[36m>\u001b[39m\n                  \u001b[0m▼\u001b[0m\n                \u001b[36m</span>\u001b[39m\n              \u001b[36m</summary>\u001b[39m\n ...\n    at Object.getElementError (/home/gabe/Documents/School/CSS_360/TheProject/frontend/node_modules/@testing-library/dom/dist/config.js:37:19)\n    at /home/gabe/Documents/School/CSS_360/TheProject/frontend/node_modules/@testing-library/dom/dist/query-helpers.js:76:38\n    at /home/gabe/Documents/School/CSS_360/TheProject/frontend/node_modules/@testing-library/dom/dist/query-helpers.js:109:15\n    at /home/gabe/Documents/School/CSS_360/TheProject/frontend/src/tests/App.test.jsx:146:33\n    at file:///home/gabe/Documents/School/CSS_360/TheProject/frontend/node_modules/@vitest/runner/dist/index.js:533:5\n    at runTest (file:///home/gabe/Documents/School/CSS_360/TheProject/frontend/node_modules/@vitest/runner/dist/index.js:1056:11)\n    at runSuite (file:///home/gabe/Documents/School/CSS_360/TheProject/frontend/node_modules/@vitest/runner/dist/index.js:1205:15)\n    at runSuite (file:///home/gabe/Documents/School/CSS_360/TheProject/frontend/node_modules/@vitest/runner/dist/index.js:1205:15)\n    at runFiles (file:///home/gabe/Documents/School/CSS_360/TheProject/frontend/node_modules/@vitest/runner/dist/index.js:1262:5)\n    at startTests (file:///home/gabe/Documents/School/CSS_360/TheProject/frontend/node_modules/@vitest/runner/dist/index.js:1271:3)"],"meta":{}},{"ancestorTitles":["Sprint 1 interface behavior"],"fullName":"Sprint 1 interface behavior typing in the zip dropdown narrows visible options","status":"failed","title":"typing in the zip dropdown narrows visible options","duration":37.762590000000046,"failureMessages":["Error: expect(element).not.toBeInTheDocument()\n\nexpected document not to contain element, found <span\n  style=\"color: rgb(19, 34, 54); font-size: 0.9rem;\"\n>\n  98004\n</span> instead\n    at Proxy.expectWrapper (file:///home/gabe/Documents/School/CSS_360/TheProject/frontend/node_modules/@vitest/expect/dist/index.js:1996:19)\n    at Proxy.<anonymous> (file:///home/gabe/Documents/School/CSS_360/TheProject/frontend/node_modules/@vitest/expect/dist/index.js:972:17)\n    at Proxy.methodWrapper (file:///home/gabe/Documents/School/CSS_360/TheProject/frontend/node_modules/chai/index.js:1686:25)\n    at /home/gabe/Documents/School/CSS_360/TheProject/frontend/src/tests/App.test.jsx:165:45\n    at file:///home/gabe/Documents/School/CSS_360/TheProject/frontend/node_modules/@vitest/runner/dist/index.js:533:5\n    at runTest (file:///home/gabe/Documents/School/CSS_360/TheProject/frontend/node_modules/@vitest/runner/dist/index.js:1056:11)\n    at runSuite (file:///home/gabe/Documents/School/CSS_360/TheProject/frontend/node_modules/@vitest/runner/dist/index.js:1205:15)\n    at runSuite (file:///home/gabe/Documents/School/CSS_360/TheProject/frontend/node_modules/@vitest/runner/dist/index.js:1205:15)\n    at runFiles (file:///home/gabe/Documents/School/CSS_360/TheProject/frontend/node_modules/@vitest/runner/dist/index.js:1262:5)\n    at startTests (file:///home/gabe/Documents/School/CSS_360/TheProject/frontend/node_modules/@vitest/runner/dist/index.js:1271:3)"],"meta":{}},{"ancestorTitles":["Sprint 1 interface behavior"],"fullName":"Sprint 1 interface behavior favorite button is initially unfilled (☆) for all concerts","status":"passed","title":"favorite button is initially unfilled (☆) for all concerts","duration":15.170935999999983,"failureMessages":[],"meta":{}},{"ancestorTitles":["Sprint 1 interface behavior"],"fullName":"Sprint 1 interface behavior clicking a favorite button toggles its state","status":"passed","title":"clicking a favorite button toggles its state","duration":31.99958300000003,"failureMessages":[],"meta":{}},{"ancestorTitles":["Sprint 1 interface behavior"],"fullName":"Sprint 1 interface behavior 'Favorites' view shows only favorited concerts","status":"passed","title":"'Favorites' view shows only favorited concerts","duration":40.725549,"failureMessages":[],"meta":{}},{"ancestorTitles":["Sprint 1 interface behavior"],"fullName":"Sprint 1 interface behavior 'Favorites' view shows empty-state message when nothing is favorited","status":"passed","title":"'Favorites' view shows empty-state message when nothing is favorited","duration":23.28057100000001,"failureMessages":[],"meta":{}},{"ancestorTitles":["Sprint 1 interface behavior"],"fullName":"Sprint 1 interface behavior favorites count in tab updates when favoriting","status":"passed","title":"favorites count in tab updates when favoriting","duration":31.086762000000135,"failureMessages":[],"meta":{}}],"startTime":1780634583177,"endTime":1780634583949.0867,"status":"failed","message":"","name":"/home/gabe/Documents/School/CSS_360/TheProject/frontend/src/tests/App.test.jsx"},{"assertionResults":[{"ancestorTitles":["event utilities"],"fullName":"event utilities sorts concert results by soonest date first","status":"passed","title":"sorts concert results by soonest date first","duration":0.8941169999999374,"failureMessages":[],"meta":{}},{"ancestorTitles":["event utilities"],"fullName":"event utilities sortByDate with 'soonest' returns ascending order","status":"passed","title":"sortByDate with 'soonest' returns ascending order","duration":0.1301499999999578,"failureMessages":[],"meta":{}},{"ancestorTitles":["event utilities"],"fullName":"event utilities sortByDate with 'latest' returns descending order","status":"passed","title":"sortByDate with 'latest' returns descending order","duration":0.09533199999998487,"failureMessages":[],"meta":{}},{"ancestorTitles":["event utilities"],"fullName":"event utilities sortByDate defaults to 'soonest' when no order is given","status":"passed","title":"sortByDate defaults to 'soonest' when no order is given","duration":0.15357800000003863,"failureMessages":[],"meta":{}},{"ancestorTitles":["event utilities"],"fullName":"event utilities search returns partial and broad matches","status":"passed","title":"search returns partial and broad matches","duration":0.6288829999999734,"failureMessages":[],"meta":{}},{"ancestorTitles":["event utilities"],"fullName":"event utilities filters events by selected genre","status":"passed","title":"filters events by selected genre","duration":0.3124279999999544,"failureMessages":[],"meta":{}},{"ancestorTitles":["event utilities"],"fullName":"event utilities builds calendar map keyed by event date","status":"passed","title":"builds calendar map keyed by event date","duration":0.172649999999976,"failureMessages":[],"meta":{}},{"ancestorTitles":["event utilities"],"fullName":"event utilities filterByZipCode returns all events when zip is 'All'","status":"passed","title":"filterByZipCode returns all events when zip is 'All'","duration":0.19405800000004092,"failureMessages":[],"meta":{}},{"ancestorTitles":["event utilities"],"fullName":"event utilities filterByZipCode returns only events matching the given zip","status":"passed","title":"filterByZipCode returns only events matching the given zip","duration":0.18327399999998306,"failureMessages":[],"meta":{}},{"ancestorTitles":["event utilities"],"fullName":"event utilities filterByZipCode returns empty array when no events match","status":"passed","title":"filterByZipCode returns empty array when no events match","duration":0.11420999999995729,"failureMessages":[],"meta":{}},{"ancestorTitles":["event utilities"],"fullName":"event utilities getZipCodeOptions returns 'All' plus sorted unique zip codes","status":"passed","title":"getZipCodeOptions returns 'All' plus sorted unique zip codes","duration":0.5236099999999624,"failureMessages":[],"meta":{}}],"startTime":1780634583098,"endTime":1780634583102.5237,"status":"passed","message":"","name":"/home/gabe/Documents/School/CSS_360/TheProject/frontend/src/tests/events.test.js"},{"assertionResults":[{"ancestorTitles":["favorites helper"],"fullName":"favorites helper getFavorites returns empty array when nothing is stored","status":"passed","title":"getFavorites returns empty array when nothing is stored","duration":1.108451999999943,"failureMessages":[],"meta":{}},{"ancestorTitles":["favorites helper"],"fullName":"favorites helper addFavorite stores the id","status":"passed","title":"addFavorite stores the id","duration":0.5949919999999338,"failureMessages":[],"meta":{}},{"ancestorTitles":["favorites helper"],"fullName":"favorites helper addFavorite does not duplicate existing ids","status":"passed","title":"addFavorite does not duplicate existing ids","duration":0.249245999999971,"failureMessages":[],"meta":{}},{"ancestorTitles":["favorites helper"],"fullName":"favorites helper isFavorite returns true when an id is favorited","status":"passed","title":"isFavorite returns true when an id is favorited","duration":0.2615690000000086,"failureMessages":[],"meta":{}},{"ancestorTitles":["favorites helper"],"fullName":"favorites helper isFavorite returns false for non-favorited ids","status":"passed","title":"isFavorite returns false for non-favorited ids","duration":0.12676999999996497,"failureMessages":[],"meta":{}},{"ancestorTitles":["favorites helper"],"fullName":"favorites helper removeFavorite drops the id","status":"passed","title":"removeFavorite drops the id","duration":0.21104800000000523,"failureMessages":[],"meta":{}},{"ancestorTitles":["favorites helper"],"fullName":"favorites helper toggleFavorite adds when missing, removes when present","status":"passed","title":"toggleFavorite adds when missing, removes when present","duration":0.1495549999999639,"failureMessages":[],"meta":{}},{"ancestorTitles":["favorites helper"],"fullName":"favorites helper getFavorites returns empty array when localStorage has malformed data","status":"passed","title":"getFavorites returns empty array when localStorage has malformed data","duration":0.16483899999991536,"failureMessages":[],"meta":{}},{"ancestorTitles":["favorites helper"],"fullName":"favorites helper favorites persist via localStorage (read-back)","status":"passed","title":"favorites persist via localStorage (read-back)","duration":0.13098899999999958,"failureMessages":[],"meta":{}}],"startTime":1780634583084,"endTime":1780634583087.1648,"status":"passed","message":"","name":"/home/gabe/Documents/School/CSS_360/TheProject/frontend/src/tests/favorites.test.js"}]}
